************************************************************************************************************************
 tstart called:
 Timing turned off.
 
 
 
                    ********************************************************************************************
                    *                                                                                          *
                    *                       INPUT PROGRAM FOR HFS PROGRAMS (HONDO-LIKE)                        *
                    *                                                                                          *
                    *                                   KING-DUPUIS-RYS-SAXE                                   *
                    *                                                                                          *
                    *     H2O DZ TEST CASE                                                                     *
                    *                                                                                          *
                    ********************************************************************************************
 
 
 TIME LIMIT   (NOT IN EFFECT)                =  20000.000
 OUTPUT OPTION                               =     0
 OPTION TO PRESERVE M.O. COEFFICIENTS        =     0
 OPTION FOR NORMALIZATION OF BASIS FUNCTIONS =     0
 OPTION FOR UNNORMALIZATION OF PRIMATIVES    =     0
 
 THE POINT GROUP OF THE MOLECULE IS ...CNV
 THE ORDER OF THE PRINCIPAL AXIS IS ...    2
 
                    ********************
 
                    MOLECULAR BASIS SET
 
                    ********************
 
 THE CONTRACTED PRIMITIVE FUNCTIONS HAVE BEEN UNNORMALIZED
 THE CONTRACTED BASIS FUNCTIONS ARE NOW NORMALIZED TO UNITY
 
 
             * * * * * * * * * * * * * * * * * * * * * * * * * * * * * * * * * * * * * *
 
                ATOM   ATOMIC                COORDINATES                 NUMBER OF
                       CHARGE       X             Y              Z       SHELLS
 
             * * * * * * * * * * * * * * * * * * * * * * * * * * * * * * * * * * * * * *
 
           * OXYGEN      8.0   0.0000000      0.0000000      0.0000000       6          *
                                                                              S   S   S
                                                                              S   P   P
 
           * HYDROGEN    1.0   0.0000000      1.4949590      0.9985921       2          *
                                                                              S   S
 
           * HYDROGEN    1.0   0.0000000     -1.4949590      0.9985921       2          *
                                                                              S   S
 
           ******************************************************************************
 
         CONTRACTED PRIMITIVE FUNCTIONS
 
       ATOM       SHELL TYPE PRIM      EXPONENTS            CONTRACTION COEFFICIENTS
 
    OXYGEN
 
 
                    1    S     1     7816.540000       1.203318  (    0.002031  )
                    1    S     2     1175.820000       2.209022  (    0.015436  )
                    1    S     3      273.188000       3.532983  (    0.073771  )
                    1    S     4       81.169600       4.772170  (    0.247606  )
                    1    S     5       27.183600       5.191252  (    0.611832  )
                    1    S     6        3.413600       0.431723  (    0.241205  )
 
 
                    2    S     7        9.532200       3.866384  (    1.000000  )
 
 
                    3    S     8        0.939800       0.680278  (    1.000000  )
 
 
                    4    S     9        0.284600       0.277707  (    1.000000  )
 
 
                    5    P    10       35.183200       2.391506  (    0.019580  )
                    5    P    11        7.904000       2.346019  (    0.124189  )
                    5    P    12        2.305100       1.598081  (    0.394727  )
                    5    P    13        0.717100       0.590122  (    0.627375  )
 
 
                    6    P    14        0.213700       0.207107  (    1.000000  )
 
    HYDROGEN
 
 
                    9    S    15       19.240600       0.214941  (    0.032828  )
                    9    S    16        2.899200       0.366119  (    0.231208  )
                    9    S    17        0.653400       0.423296  (    0.817238  )
 
 
                   10    S    18        0.177600       0.194981  (    1.000000  )
 
 TOTAL NUMBER OF SHELLS              =   10
 TOTAL NUMBER OF BASIS FUNCTIONS     =   14
 NUMBER OF ELECTRONS                 =   10
 CHARGE OF MOLECULE                  =    0
 STATE MULTIPLICITY                  =    0
 NUMBER OF OCCUPIED ORBITALS (ALPHA) =    4
 NUMBER OF OCCUPIED ORBITALS (BETA ) =    5
 TOTAL NUMBER OF ATOMS               =    3
 
 
 
          INTERNUCLEAR DISTANCES (BOHRS)
          ------------------------------
 
 
             1              2              3
 
    1      0.0000000      1.7978010      1.7978010
    2      1.7978010      0.0000000      2.9899180
    3      1.7978010      2.9899180      0.0000000
 
 
 
          INTERNUCLEAR DISTANCES (ANGSTROMS)
          ----------------------------------
 
 
             1              2              3
 
    1      0.0000000      0.9513551      0.9513551
    2      0.9513551      0.0000000      1.5821960
    3      0.9513551      1.5821960      0.0000000
 
 
 
          INTERNUCLEAR ANGLES  (DEGREES)
          ------------------------------
 
     I   J   K    ANGLE      J   I   K    ANGLE      I   K   J    ANGLE
 
     1   2   3    33.742     2   1   3   112.516     1   3   2    33.742
 
 
 
          INTERNUCLEAR ANGLES  (RADIANS)
          ------------------------------
 
     I   J   K    ANGLE      J   I   K    ANGLE      I   K   J    ANGLE
 
     1   2   3  0.588906     2   1   3  1.963780     1   3   2  0.588906
 
 
 
 
 
    MSU:    2
 KAORDS:    3
 MCONSU:    8
  MGCSU:    3
   MSTU:    4
    MRU:    3
   MCSU:    3
   MCTU:    3
  MCONU:    6
    MCU:    2
   MSFU:    8
    MGU:    4
  MSFRU:   14
 
 
 
0AFB151I VDIOS : 200 RECORDS OF LENGTH 4096 FORMATTED ON FILE FT30F001.
         VDIOS : LAST EXECUTED FORTRAN STATEMENT IN PROGRAM RFILE AT ISN 16 (OFFSET 0002DA).
 
 
 TAPE30 USED     1508 WORDS OR     2 SECTORS
 tstop called:
 Timing turned off.
 Elapsed total time =           0 seconds
 Elapsed user time =   0.000000000E+00 seconds
 Elapsed system time = 0.000000000E+00 seconds
************************************************************************************************************************
************************************************************************************************************************
 tstart called:
 Timing turned off.
0AFB151I VDIOS : 200 RECORDS OF LENGTH 4096 FORMATTED ON FILE FT34F001.
         VDIOS : LAST EXECUTED FORTRAN STATEMENT IN PROGRAM RFILE AT ISN 16 (OFFSET 0002DA).
 
             THIS PROGRAM COMPUTES INTEGRALS OVER SYMMETRY ORBITALS.
              THE ATOMIC ORBITALS ARE CONTRACTED GAUSSIAN ORBITALS.
              THE POINT GROUPS ARE LIMITED TO D2H AND ITS SUBGROUPS.
 
                                   R. M. PITZER
                                  H. F. SCHAEFER
 
 
 
 INTEGRAL LABEL:   H2O DZ TEST CASE
 
 
 
 NUCLEAR REPULSION ENERGY       9.234218655808
 
 
 IRREDUCIBLE REPRESENTATION   1       2       3       4
 DEGENERACY                   1       1       1       1
 LABEL                       A1      A2      B1      B2
 
 
         **********************
         **  OXYGEN   ATOMS  **
         **********************
 
 NUCLEAR CHARGE   8.00
 
 CENTER            X               Y               Z
   1             0.00000000      0.00000000      0.00000000
 
 
          1S ORBITALS
 ORBITAL EXPONENTS          7816.540       1175.820       273.1880       81.16960       27.18360       3.413600
 CONTRACTION COEFFICIENTS  2.0309982E-03  1.5435986E-02  7.3770933E-02  0.2476058      0.6118314      0.2412048
 
           SYMMETRY ORBITALS
 
 Center  AO   1A1  1
    1    1S   1.0000
 
 
          1S ORBITALS
 ORBITAL EXPONENTS          9.532200
 CONTRACTION COEFFICIENTS   1.000000
 
           SYMMETRY ORBITALS
 
 Center  AO   2A1  1
    1    1S   1.0000
 
 
          1S ORBITALS
 ORBITAL EXPONENTS         0.9398000
 CONTRACTION COEFFICIENTS   1.000000
 
           SYMMETRY ORBITALS
 
 Center  AO   3A1  1
    1    1S   1.0000
 
 
          1S ORBITALS
 ORBITAL EXPONENTS         0.2846000
 CONTRACTION COEFFICIENTS   1.000000
 
           SYMMETRY ORBITALS
 
 Center  AO   4A1  1
    1    1S   1.0000
 
 
          2P ORBITALS
 ORBITAL EXPONENTS          35.18320       7.904000       2.305100      0.7171000
 CONTRACTION COEFFICIENTS  1.9579983E-02  0.1241889      0.3947266      0.6273744
 
           SYMMETRY ORBITALS
 
 Center  AO   5A1  1  1B1  1  1B2  1
    1     X   0.0000  1.0000  0.0000
    1     Y   0.0000  0.0000  1.0000
    1     Z   1.0000  0.0000  0.0000
 
 
          2P ORBITALS
 ORBITAL EXPONENTS         0.2137000
 CONTRACTION COEFFICIENTS   1.000000
 
           SYMMETRY ORBITALS
 
 Center  AO   6A1  1  2B1  1  2B2  1
    1     X   0.0000  1.0000  0.0000
    1     Y   0.0000  0.0000  1.0000
    1     Z   1.0000  0.0000  0.0000
 
 
         **********************
         **  HYDROGEN ATOMS  **
         **********************
 
 NUCLEAR CHARGE   1.00
 
 CENTER            X               Y               Z
   1             0.00000000      1.49495900      0.99859206
   2             0.00000000     -1.49495900      0.99859206
 
 
          1S ORBITALS
 ORBITAL EXPONENTS          19.24060       2.899200      0.6534000
 CONTRACTION COEFFICIENTS  3.2828077E-02  0.2312085      0.8172399
 
           SYMMETRY ORBITALS
 
 Center  AO   7A1  1  3B2  1
    1    1S   1.0000 -1.0000
    2    1S   1.0000  1.0000
 
 
          1S ORBITALS
 ORBITAL EXPONENTS         0.1776000
 CONTRACTION COEFFICIENTS   1.000000
 
           SYMMETRY ORBITALS
 
 Center  AO   8A1  1  4B2  1
    1    1S   1.0000 -1.0000
    2    1S   1.0000  1.0000
 
 
          INTERNUCLEAR DISTANCES ( A.U.)
          ------------------------------
 
             1              2              3
 
    1      0.0000000      1.7978010      1.7978010
    2      1.7978010      0.0000000      2.9899180
    3      1.7978010      2.9899180      0.0000000
 
 
          INTERNUCLEAR DISTANCES (ANGS.)
          ------------------------------
 
             1              2              3
 
    1      0.0000000      0.9513551      0.9513551
    2      0.9513551      0.0000000      1.5821960
    3      0.9513551      1.5821960      0.0000000
 
                 41 S INTEGRALS IN         9 SECTORS
                 41 T INTEGRALS IN         9 SECTORS
                 49 V INTEGRALS IN         9 SECTORS
                1709  INTEGRALS IN         9 SECTORS     0 ACTUALLY
 
 TOTAL OF       1840  INTEGRALS IN        47 SECTORS ARE WRITTEN ON TAPE   34
 tstop called:
 Timing turned off.
 Elapsed total time =           0 seconds
 Elapsed user time =   0.000000000E+00 seconds
 Elapsed system time = 0.000000000E+00 seconds
************************************************************************************************************************
************************************************************************************************************************
 tstart called:
 Timing turned off.
0AFB151I VDIOS : 200 RECORDS OF LENGTH 4096 FORMATTED ON FILE FT49F001.
         VDIOS : LAST EXECUTED FORTRAN STATEMENT IN PROGRAM RFILE AT ISN 16 (OFFSET 0002DA).
0AFB151I VDIOS : 200 RECORDS OF LENGTH 4096 FORMATTED ON FILE FT92F001.
         VDIOS : LAST EXECUTED FORTRAN STATEMENT IN PROGRAM RFILE AT ISN 16 (OFFSET 0002DA).
 
         H2O DZ TEST CASE
         SCF INPUT FOR DZ WATER
 
 
     CNVG    INPT    PNCH    DIIS    ITER    MCMX    DAMP    ITCN
 EXTP    OPEN    VECT    PRNT    SAVE    THRS    NCOR    ITPR
   0  12   0   0   0  47   0   0   0 100  20   0   0   0   0   0
 
 THRESHOLD FOR ELIMINATION OF BASIS FUNCTIONS  =       1.0E-20
 DENSITY MATRIX CONVERGENCE CRITERION          =       1.0E-12
 ITERATIONS BEFORE EXTRAPOLATION               =       0
 NUCLEAR REPULSION ENERGY                      =       9.2342186558084
 
 FIRST RUN, SO DEFAULTING TO CORE-HAMILTONIAN GUESS
 
                 49 S INTEGRALS READ
                 49 T INTEGRALS READ
                 49 V INTEGRALS READ
                 49 H INTEGRALS FORMED
 
         1073 P AND            0 Q INTEGRALS STORED ON FILE92 IN    2 BUFFERS
                                  TOTAL SPACE USED IS     44 SECTORS
 
 LEVEL SHIFT  =    0.100000
 DAMPING      =    0.000000
 
 ITERATION      ENERGY              DE            SQDIF            DIISER        ONE-ELECTRON ENERGY   TWO-ELECTRON ENERGY
 
     1       -75.358578736         0.00000E+00     0.10000E+01     0.00000E+00     -120.08681775          35.494020361
     2       -75.941121065        -0.58254E+00     0.60102E-01     0.26870E+01     -124.32514073          39.149801011
     3       -76.000531572        -0.59411E-01     0.21244E-01     0.57344E+00     -122.62712469          37.392374466
     4       -76.009187675        -0.86561E-02     0.11814E-01     0.39134E+00     -122.97623496          37.732828627
     5       -76.010892938        -0.17053E-02     0.21883E-02     0.11126E+00     -123.07873384          37.833622245
     6       -76.010997344        -0.10441E-03     0.14877E-02     0.90566E-02     -123.09495253          37.849736528
     7       -76.011002290        -0.49467E-05     0.45859E-03     0.52360E-02     -123.08993173          37.844710782
     8       -76.011002388        -0.97414E-07     0.12245E-03     0.35748E-03     -123.08973234          37.844511299
     9       -76.011002399        -0.11073E-07     0.18157E-04     0.28013E-03     -123.08996053          37.844739478
    10       -76.011002399        -0.32985E-09     0.70378E-05     0.16671E-04     -123.08992921          37.844708158
    11       -76.011002399        -0.12736E-10     0.11693E-05     0.53204E-05     -123.08993270          37.844711648
    12       -76.011002399        -0.13730E-07     0.24489E-06     0.10173E-05     -123.08993218          37.844711129
    13       -76.011002399        -0.23383E-08     0.16657E-07     0.13523E-06     -123.08993210          37.844711040
    14       -76.011002399         0.11034E-08     0.74089E-08     0.46797E-07     -123.08993214          37.844711082
    15       -76.011002399        -0.56637E-10     0.92559E-09     0.25445E-08     -123.08993213          37.844711080
    16       -76.011002399         0.31508E-11     0.22504E-10     0.12241E-09     -123.08993214          37.844711080
    17       -76.011002399         0.37672E-12     0.42444E-11     0.27970E-10     -123.08993214          37.844711080
    18       -76.011002399        -0.11828E-13     0.35320E-11     0.79294E-11     -123.08993214          37.844711080
    19       -76.011002399        -0.64775E-14     0.84906E-12     0.14796E-11     -123.08993214          37.844711080
 
 
 
 ********************************
        MOLECULAR ORBITALS
 ********************************
 
                     IRREP A1
 
                         C( 1)       C( 2)       C( 3)       C( 4)       C( 5)       C( 6)       C( 7)       C( 8)
                      -0.580982    0.130726   -0.044038   -0.051257    0.020674   -0.044193   -0.144398    1.731337
                      -0.461230    0.181326   -0.061456   -0.068653    0.028564   -0.065639   -0.253715   -1.876897
                       0.000065   -0.510567    0.186417    0.111030   -0.065851    0.265474    1.979939    0.391891
                      -0.001865   -0.452481    0.248669    1.278626   -0.388777   -0.064780   -2.903708   -0.351997
                      -0.001602   -0.120413   -0.639021    0.249374    0.855283    0.408125    0.049880    0.008858
                       0.000459   -0.030596   -0.342162    0.482735   -1.287331    0.081443   -0.616101   -0.060375
                      -0.000043   -0.137775   -0.129996   -0.061702    0.188653   -1.002461    0.264913    0.003014
                       0.000190   -0.006468   -0.053754   -1.059022    0.233186    0.579504    0.715166    0.088598
 
     EIGENVALUES     -20.552758   -1.356568   -0.553041    0.221537    0.886182    1.187248    1.652913   43.338408
     CLOSED-SHELL
       OCCUPATION =      2.0         2.0         2.0         0.0         0.0         0.0         0.0         0.0
 
                     IRREP B1
 
                         C( 1)       C( 2)
                      -0.727088   -0.903046
                      -0.411002    1.084078
 
     EIGENVALUES      -0.503320    0.867759
     CLOSED-SHELL
       OCCUPATION =      2.0         0.0
 
                     IRREP B2
 
                         C( 1)       C( 2)       C( 3)       C( 4)
                       0.572069    0.394845   -0.531187   -0.866487
                       0.169462    1.085764    1.805140    0.949340
                      -0.257273    0.025464    0.563891   -0.820281
                      -0.123068    1.605801    0.519814    1.272344
 
     EIGENVALUES      -0.734569    0.313920    0.939983    1.260370
     CLOSED-SHELL
       OCCUPATION =      2.0         0.0         0.0         0.0
 
 
     TOTAL ENERGY       =    -76.0110023991
     KINETIC ENERGY     =   -123.0899321350
     POTENTIAL ENERGY   =     47.0789297359
     VIRIAL THEOREM     =     -0.6193699366
     WAVEFUNCTION NORM  =      1.0000000000
 
     GRSCF     CI        FIRST
0AFB151I VDIOS : 200 RECORDS OF LENGTH 4096 FORMATTED ON FILE FT47F001.
         VDIOS : LAST EXECUTED FORTRAN STATEMENT IN PROGRAM RFILE AT ISN 16 (OFFSET 0002DA).
 tstop called:
 Timing turned off.
 Elapsed total time =           0 seconds
 Elapsed user time =   0.000000000E+00 seconds
 Elapsed system time = 0.000000000E+00 seconds
************************************************************************************************************************
************************************************************************************************************************
 tstart called:
 Timing turned off.
 
 
-----------------------------------------------
-----------------------------------------------
 CCTRANS : INTEGRAL TRANSFORMATION FOR CC CODES
     WRITTEN BY ANDY SCHEINER
-----------------------------------------------
-----------------------------------------------
 
 
0AFB151I VDIOS : 200 RECORDS OF LENGTH 4096 FORMATTED ON FILE FT71F001.
         VDIOS : LAST EXECUTED FORTRAN STATEMENT IN PROGRAM RFILE AT ISN 16 (OFFSET 0002DA).
0AFB151I VDIOS : 200 RECORDS OF LENGTH 4096 FORMATTED ON FILE FT72F001.
         VDIOS : LAST EXECUTED FORTRAN STATEMENT IN PROGRAM RFILE AT ISN 16 (OFFSET 0002DA).
0AFB151I VDIOS : 200 RECORDS OF LENGTH 4096 FORMATTED ON FILE FT77F001.
         VDIOS : LAST EXECUTED FORTRAN STATEMENT IN PROGRAM RFILE AT ISN 16 (OFFSET 0002DA).
0AFB151I VDIOS : 200 RECORDS OF LENGTH 4096 FORMATTED ON FILE FT78F001.
         VDIOS : LAST EXECUTED FORTRAN STATEMENT IN PROGRAM RFILE AT ISN 16 (OFFSET 0002DA).
 
 
SYMMETRY LABEL FROM INPUT
CNV      2
0AFB151I VDIOS : 200 RECORDS OF LENGTH 4096 FORMATTED ON FILE FT67F001.
         VDIOS : LAST EXECUTED FORTRAN STATEMENT IN PROGRAM RFILE AT ISN 16 (OFFSET 0002DA).
  JBUF=          0
  JBUF=          0
 tstop called:
 Timing turned off.
 Elapsed total time =           0 seconds
 Elapsed user time =   0.000000000E+00 seconds
 Elapsed system time = 0.000000000E+00 seconds
************************************************************************************************************************
************************************************************************************************************************
 tstart called:
 Timing turned off.
 
 
-----------------------------------------------
-----------------------------------------------
NCCSRT: INTEGRAL SORT FOR NEW CC CODES
     WRITTEN BY GUSTAVO SCUSERIA
-----------------------------------------------
-----------------------------------------------
 
 
0AFB151I VDIOS : 200 RECORDS OF LENGTH 4096 FORMATTED ON FILE FT60F001.
         VDIOS : LAST EXECUTED FORTRAN STATEMENT IN PROGRAM RFILE AT ISN 16 (OFFSET 0002DA).
0AFB151I VDIOS : 200 RECORDS OF LENGTH 4096 FORMATTED ON FILE FT61F001.
         VDIOS : LAST EXECUTED FORTRAN STATEMENT IN PROGRAM RFILE AT ISN 16 (OFFSET 0002DA).
0AFB151I VDIOS : 200 RECORDS OF LENGTH 4096 FORMATTED ON FILE FT62F001.
         VDIOS : LAST EXECUTED FORTRAN STATEMENT IN PROGRAM RFILE AT ISN 16 (OFFSET 0002DA).
0AFB151I VDIOS : 200 RECORDS OF LENGTH 4096 FORMATTED ON FILE FT63F001.
         VDIOS : LAST EXECUTED FORTRAN STATEMENT IN PROGRAM RFILE AT ISN 16 (OFFSET 0002DA).
0AFB151I VDIOS : 200 RECORDS OF LENGTH 4096 FORMATTED ON FILE FT64F001.
         VDIOS : LAST EXECUTED FORTRAN STATEMENT IN PROGRAM RFILE AT ISN 16 (OFFSET 0002DA).
0AFB151I VDIOS : 200 RECORDS OF LENGTH 4096 FORMATTED ON FILE FT65F001.
         VDIOS : LAST EXECUTED FORTRAN STATEMENT IN PROGRAM RFILE AT ISN 16 (OFFSET 0002DA).
0AFB151I VDIOS : 200 RECORDS OF LENGTH 4096 FORMATTED ON FILE FT66F001.
         VDIOS : LAST EXECUTED FORTRAN STATEMENT IN PROGRAM RFILE AT ISN 16 (OFFSET 0002DA).
  SEC2I = 100, INTBUF=      51200
 
  LABEL FROM FILE30 : H2O DZ TEST CASE
 
  GEOMETRY FROM FILE30
 
    1    8.00          0.0000000000     0.0000000000     0.0000000000
    2    1.00          0.0000000000     1.4949590000     0.9985920600
    3    1.00          0.0000000000    -1.4949590000     0.9985920600
 
  ENERGIES FROM FILE30
 
  NUCLEAR REPULSION ENERGY =      9.234218655808
  SCF ENERGY               =    -76.011002399104
  TOTAL ELECTRONIC  ENERGY =    -85.245221054912
  REQUIRED  CORE FOR CCSORT IS     410258
    IN SORTI
  READING TAPE78
  IFLG=         -1
  MBUF=       1925
  REQUIRED  CORE FOR RE-SORTING B INTS IS       52035
  REMAINING CORE IS      447965
 >>>>>>   IN SORTB <<<<<<<<<
 LEFT       447965
 NIRRED          4
 NO=          5  NV=          9  NBF=         14
 ORBSYM
           0           0           0           2           3           0           0           0           0           0
           2           3           3           3
 FLOV
           1           0           4           5           3          -1           4           5           6           0
          11          12          10          -1          11          14
 TSYM=          1
 TSYM=          2
 TSYM=          3
 TSYM=          4
 
           1  LOOPS ARE NEEDED TO RESORT BINTS
 
    I,   FPAIR(I),    LPAIR(I),    FINT(I),   LINT(I)
         1         1        45         1      1288
 
    ISYM        NAC(ISYM)      NBD(ISYM)
         1        22        35
         2         3         6
         3         5        10
         4        15        30
 
 NV2 =         45
 TPAR=         45
 
 SIZE71=       1288
 
  LENGTH      51200
  INTLEN      51199
  MAXVAL      34132
  IVOFF      17067
 LOOP=          1  SHIFT=          0
   >>>   SORTING OF INTEGRALS  COMPLETED   <<<
 tstop called:
 Timing turned off.
 Elapsed total time =           0 seconds
 Elapsed user time =   0.000000000E+00 seconds
 Elapsed system time = 0.000000000E+00 seconds
************************************************************************************************************************
************************************************************************************************************************
 tstart called:
 Timing turned off.
 
 
------------------------------------------
------------------------------------------
 THE CLOSED-SHELL COUPLED CLUSTER PROGRAM
      REFORMULATED VERSION JUNE 1988
       WRITTEN BY GUSTAVO SCUSERIA
         VERSION 9. SEP 2, 1988
------------------------------------------
------------------------------------------
 
 
0AFB151I VDIOS : 200 RECORDS OF LENGTH 4096 FORMATTED ON FILE FT98F001.
         VDIOS : LAST EXECUTED FORTRAN STATEMENT IN PROGRAM RFILE AT ISN 16 (OFFSET 0002DA).
0AFB151I VDIOS : 200 RECORDS OF LENGTH 4096 FORMATTED ON FILE FT99F001.
         VDIOS : LAST EXECUTED FORTRAN STATEMENT IN PROGRAM RFILE AT ISN 16 (OFFSET 0002DA).
  MPOINT=        200
  MCONST=        200
  MCALCS=        100
  NCALCS=          1
  NT    =         14
  NATOM =          3
  NTAO  =         14
  NSHELL=         10
  NIRRED=          4
  NPRIM =         18
  NSYMHF=          3
  MXCOEF=         84
  IOPEN =          0
 
  LABEL FROM FILE30 : H2O DZ TEST CASE
 
  GEOMETRY FROM FILE30
 
    1    8.00          0.0000000000     0.0000000000     0.0000000000
    2    1.00          0.0000000000     1.4949590000     0.9985920600
    3    1.00          0.0000000000    -1.4949590000     0.9985920600
 
  ENERGIES FROM FILE30
 
  NUCLEAR REPULSION ENERGY =      9.234218655808
  SCF ENERGY               =    -76.011002399104
  TOTAL ELECTRONIC  ENERGY =    -85.245221054912
 
 
  I   IRREP          SCF MO ENERGY
 
  1    A1         -20.552757886344
  2    A1          -1.356567858759
  3    A1          -0.553040747905
  4    B1          -0.503319532209
  5    B2          -0.734568962170
  6    A1           0.221537033070
  7    A1           0.886182097169
  8    A1           1.187248100299
  9    A1           1.652913391879
 10    A1          43.338407895380
 11    B1           0.867759108348
 12    B2           0.313920167000
 13    B2           0.939982899156
 14    B2           1.260369839381
 
 
# CCSD ###  LABEL :  H2O CCSD WITH NOTHING FROZEN
 
 
  ***** DIIS PARAMETERS *****
  EPSI   =    5
  NGO    =    2
  NMIN   =    2
  MINDIM =    2
  MAXDIM =    8
 
  ***** CC   PARAMETERS *****
  CONVI  =    8
  MAXIT  =   50
  LEVEL  =    0
  OPTION = CCSD
  RSTR   = NO
 
 
******* CORES & VIRTUALS *******
 
  A1       0COR  3DOC  5UOC  0VIR
           0COR  0DOC  0UOC  0VIR
  B1       0COR  1DOC  1UOC  0VIR
  B2       0COR  1DOC  3UOC  0VIR
 
 NOACT=          5   NVACT=          9
 
 
 SUBROUTINE NCOUNT, OPTION=CCSD
 
 TSYM=          1  XIJ=          8  XAB=         22            176
 TSYM=          2  XIJ=          1  XAB=          3              3
 TSYM=          3  XIJ=          3  XAB=          5             15
 TSYM=          4  XIJ=          3  XAB=         15             45
 TSYM=          1  XBJ=         19  XAI=         19            361
 TSYM=          2  XBJ=          4  XAI=          4             16
 TSYM=          3  XBJ=          8  XAI=          8             64
 TSYM=          4  XBJ=         14  XAI=         14            196
 MAXOV=         19
 MAXOO=          8  MAXVV=         22
 DIMAR=        361
 
 
NO  =       5      NV  =       9      NT  =      14      NM  =      45
NO2 =      15      NV2 =      45      NT2 =     105      NM2 =    1035
 NGOO =        120 NSGOO =         49
 NGVV =       1035 NSGVV =        394
 NGOV =        675 NSGOV =        239
 NHOV =       1035 NSHOV =        341
 NLOV =        675 NSLOV =        222
 NLVO =       2025 NSLVO =        680
 NINT =       5565 NSINT =       1925
 
 REQUIRED CORE FOR INTEGRALS       1531
 
 
  *****  # WALKS  *******************
 
  THE NUMBER OF SINGLE EXCITATIONS IS          19
  THE NUMBER OF DOUBLE EXCITATIONS IS         341
  THE TOTAL NUMBER OF S & D WALKS  IS         361
 
 
 MAXIMUM  CORE =    4800  K BYTES  OR     600000 REAL WORDS
 REQUIRED CORE =     457  K BYTES  OR      57218 REAL WORDS
 
 
   NO INPUT TO MONGO HAS BEEN FOUND.
   DIAGONAL FOCK MATRIX IS ASSUMED.
 
 
 
NIT =  0     CORREL.ENERGY = -0.136966399602   -0.1369663996017580D+00
          ELAPSED TIME =      0.000     TOTAL TIME =      0.000
0AFB151I VDIOS : 200 RECORDS OF LENGTH 4096 FORMATTED ON FILE FT91F001.
         VDIOS : LAST EXECUTED FORTRAN STATEMENT IN PROGRAM RFILE AT ISN 16 (OFFSET 0002DA).
 
NIT =  1     CORREL.ENERGY = -0.139330716011   -0.1393307160111622D+00
0AFB151I VDIOS : 200 RECORDS OF LENGTH 4096 FORMATTED ON FILE FT69F001.
         VDIOS : LAST EXECUTED FORTRAN STATEMENT IN PROGRAM RFILE AT ISN 16 (OFFSET 0002DA).
             T1 NORM = 0.17987631D-01     DELT= 0.29502244D-01
NIT =  1     CORREL.ENERGY = -0.139330716011   -0.1393307160111622D+00
          ELAPSED TIME =      0.000     TOTAL TIME =      0.000
 
NIT =  2     CORREL.ENERGY = -0.142345492606   -0.1423454926057653D+00
             T1 NORM = 0.19394756D-01     DELT= 0.10468369D-01
NIT =  2     CORREL.ENERGY = -0.142843417677   -0.1428434176769196D+00
          ELAPSED TIME =      0.000     TOTAL TIME =      0.000
 
NIT =  3     CORREL.ENERGY = -0.143257091503   -0.1432570915031328D+00
             T1 NORM = 0.20794018D-01     DELT= 0.32232332D-02
NIT =  3     CORREL.ENERGY = -0.143638198559   -0.1436381985587278D+00
          ELAPSED TIME =      0.000     TOTAL TIME =      0.000
 
NIT =  4     CORREL.ENERGY = -0.143660850682   -0.1436608506820610D+00
             T1 NORM = 0.21219966D-01     DELT= 0.66270173D-03
NIT =  4     CORREL.ENERGY = -0.143690124726   -0.1436901247261004D+00
          ELAPSED TIME =      0.000     TOTAL TIME =      0.000
 
NIT =  5     CORREL.ENERGY = -0.143694281080   -0.1436942810795117D+00
             T1 NORM = 0.21312744D-01     DELT= 0.15967973D-03
NIT =  5     CORREL.ENERGY = -0.143700518068   -0.1437005180676640D+00
          ELAPSED TIME =      0.000     TOTAL TIME =      0.000
 
NIT =  6     CORREL.ENERGY = -0.143698247072   -0.1436982470717040D+00
             T1 NORM = 0.21342803D-01     DELT= 0.47172224D-04
NIT =  6     CORREL.ENERGY = -0.143698342925   -0.1436983429250596D+00
          ELAPSED TIME =      0.000     TOTAL TIME =      0.000
 
NIT =  7     CORREL.ENERGY = -0.143697490767   -0.1436974907673283D+00
             T1 NORM = 0.21353163D-01     DELT= 0.13030517D-04
NIT =  7     CORREL.ENERGY = -0.143696951056   -0.1436969510558448D+00
          ELAPSED TIME =      0.000     TOTAL TIME =      0.000
 
NIT =  8     CORREL.ENERGY = -0.143697072244   -0.1436970722436029D+00
             T1 NORM = 0.21355976D-01     DELT= 0.25246127D-05
NIT =  8     CORREL.ENERGY = -0.143697152783   -0.1436971527830886D+00
          ELAPSED TIME =      0.000     TOTAL TIME =      0.000
 
NIT =  9     CORREL.ENERGY = -0.143697112151   -0.1436971121509011D+00
             T1 NORM = 0.21356487D-01     DELT= 0.54068967D-06
NIT =  9     CORREL.ENERGY = -0.143697086668   -0.1436970866678170D+00
          ELAPSED TIME =      0.000     TOTAL TIME =      0.000
 
NIT = 10     CORREL.ENERGY = -0.143697090785   -0.1436970907847380D+00
             T1 NORM = 0.21356523D-01     DELT= 0.79504354D-07
NIT = 10     CORREL.ENERGY = -0.143697094566   -0.1436970945656607D+00
          ELAPSED TIME =      0.000     TOTAL TIME =      0.000
 
NIT = 11     CORREL.ENERGY = -0.143697093254   -0.1436970932542636D+00
             T1 NORM = 0.21356530D-01     DELT= 0.18184045D-07
NIT = 11     CORREL.ENERGY = -0.143697092896   -0.1436970928955966D+00
          ELAPSED TIME =      0.000     TOTAL TIME =      0.000
 
NIT = 12     CORREL.ENERGY = -0.143697093062   -0.1436970930617881D+00
             T1 NORM = 0.21356531D-01     DELT= 0.29435929D-08
 
 
 
********************************
* CORRELATION ENERGY CONVERGED *       0.10D-07
********************************
 
 
CALCULATION RESULTS
 
  SCF  ENERGY =       -76.011002399104
 CORR. ENERGY =        -0.143697093062
 TOTAL ENERGY =       -76.154699492165
 tstop called:
 Timing turned off.
 Elapsed total time =           0 seconds
 Elapsed user time =   0.000000000E+00 seconds
 Elapsed system time = 0.000000000E+00 seconds
************************************************************************************************************************
************************************************************************************************************************
 tstart called:
 Timing turned off.
--------------------------------------------------------
--------------------------------------------------------
 THE  CLOSED-SHELL  CCSD  LINEAR  RESPONSE  PROGRAM
           WRITTEN  BY  GUSTAVO SCUSERIA
        REFORMULATED VERSION JULY 27, 1988
--------------------------------------------------------
--------------------------------------------------------
0AFB151I VDIOS : 200 RECORDS OF LENGTH 4096 FORMATTED ON FILE FT82F001.
         VDIOS : LAST EXECUTED FORTRAN STATEMENT IN PROGRAM RFILE AT ISN 16 (OFFSET 0002DA).
0AFB151I VDIOS : 200 RECORDS OF LENGTH 4096 FORMATTED ON FILE FT83F001.
         VDIOS : LAST EXECUTED FORTRAN STATEMENT IN PROGRAM RFILE AT ISN 16 (OFFSET 0002DA).
0AFB151I VDIOS : 200 RECORDS OF LENGTH 4096 FORMATTED ON FILE FT97F001.
         VDIOS : LAST EXECUTED FORTRAN STATEMENT IN PROGRAM RFILE AT ISN 16 (OFFSET 0002DA).
 
 
   NO INPUT TO MONGO HAS BEEN FOUND.
   DIAGONAL FOCK MATRIX IS ASSUMED.
 
 
 
 
  ***** CC PARAMETERS *****
 
  LABEL  = H2O CCSD WITH NOTHING FROZEN
  OPTION = CCSD
  SORT   = NO
  RSTR   = NO
  CONVI  =    8
  MAXIT  =   50
  FLDIIS =    0
  LENBUF =  51200
  SYMM   = CNV 2
 
 
  **** ZCC PARAMETERS *****
 
  ZLABEL = H2O CCSD
  ZOPT   = NORM
  ICONV  =   10
  ZMAXIT =   30
 
 MAXOV=         19
 MAXOO=          8  MAXVV=         22
 DIMAR=        361
 
 
 LENGTH OF INTEGRALS ARRAYS AND T AMPLITUDES
 
 NGOO =        120 NSGOO =         49
 NGVV =       1035 NSGVV =        394
 NGOV =        675 NSGOV =        239
 NHOV =       1035 NSHOV =        341
 NLOV =        675 NSLOV =        222
 NLVO =       2025 NSLVO =        680
 NINT =       5565 NSINT =       1925
 NT1  =         19 NT2   =        368
 EMAT =        349
 
 
  INTEGRAL ARRAY IS         680
 
 
 
 MAXIMUM  CORE  =    2343  K BYTES  OR     300000 REAL WORDS
 REQUIRED CORE1 =     432  K BYTES  OR      55369 REAL WORDS
 REQUIRED CORE2 =      33  K BYTES  OR       4288 REAL WORDS
 
 
 
 
 REFERENCE   ENERGY FROM TAPE69 =  -76.0110023991036989
 CORRELATION ENERGY FROM TAPE69 = -0.143697093061788073
    TOTAL    ENERGY FROM TAPE69 =  -76.1546994921654843
0AFB151I VDIOS : 200 RECORDS OF LENGTH 4096 FORMATTED ON FILE FT90F001.
         VDIOS : LAST EXECUTED FORTRAN STATEMENT IN PROGRAM RFILE AT ISN 16 (OFFSET 0002DA).
 
 
0AFB151I VDIOS : 200 RECORDS OF LENGTH 4096 FORMATTED ON FILE FT94F001.
         VDIOS : LAST EXECUTED FORTRAN STATEMENT IN PROGRAM RFILE AT ISN 16 (OFFSET 0002DA).
0AFB151I VDIOS : 200 RECORDS OF LENGTH 4096 FORMATTED ON FILE FT96F001.
         VDIOS : LAST EXECUTED FORTRAN STATEMENT IN PROGRAM RFILE AT ISN 16 (OFFSET 0002DA).
0AFB151I VDIOS : 200 RECORDS OF LENGTH 4096 FORMATTED ON FILE FT95F001.
         VDIOS : LAST EXECUTED FORTRAN STATEMENT IN PROGRAM RFILE AT ISN 16 (OFFSET 0002DA).
0AFB151I VDIOS : 200 RECORDS OF LENGTH 4096 FORMATTED ON FILE FT89F001.
         VDIOS : LAST EXECUTED FORTRAN STATEMENT IN PROGRAM RFILE AT ISN 16 (OFFSET 0002DA).
0AFB151I VDIOS : 200 RECORDS OF LENGTH 4096 FORMATTED ON FILE FT93F001.
         VDIOS : LAST EXECUTED FORTRAN STATEMENT IN PROGRAM RFILE AT ISN 16 (OFFSET 0002DA).
 CORRELATION ENERGY FROM ZCCSD  = -0.143697093061787670
 
 ALL INTERMEDIATES HAVE BEEN FORMED
          ELAPSED TIME =      0.000     TOTAL TIME =      0.000
 
  NIT =  1 DELTA Z =      0.588123720753                0.060080769803
          ELAPSED TIME =      0.000     TOTAL TIME =      0.000
 
  NIT =  2 DELTA Z =      0.170539746013                0.018494119586
          ELAPSED TIME =      0.000     TOTAL TIME =      0.000
 
  NIT =  3 DELTA Z =      0.055899296564                0.006264841294
          ELAPSED TIME =      0.000     TOTAL TIME =      0.000
 
  NIT =  4 DELTA Z =      0.009935458321                0.001115869612
          ELAPSED TIME =      0.000     TOTAL TIME =      0.000
 
  NIT =  5 DELTA Z =      0.001758292612                0.000253761850
          ELAPSED TIME =      0.000     TOTAL TIME =      0.000
 
  NIT =  6 DELTA Z =      0.000551923787                0.000090290641
 
  NIT =  7 DELTA Z =      0.000145514156                0.000024279933
 
  NIT =  8 DELTA Z =      0.000037194247                0.000004866316
 
  NIT =  9 DELTA Z =      0.000007918969                0.000000910388
 
  NIT = 10 DELTA Z =      0.000001423010                0.000000156027
 
  NIT = 11 DELTA Z =      0.000000335269                0.000000034090
 
  NIT = 12 DELTA Z =      0.000000052216                0.000000005401
 
  NIT = 13 DELTA Z =      0.000000009356                0.000000001040
 
  NIT = 14 DELTA Z =      0.000000002353                0.000000000250
 
  NIT = 15 DELTA Z =      0.000000000397                0.000000000046
 tstop called:
 Timing turned off.
 Elapsed total time =           0 seconds
 Elapsed user time =   0.000000000E+00 seconds
 Elapsed system time = 0.000000000E+00 seconds
************************************************************************************************************************
************************************************************************************************************************
 tstart called:
 Timing turned off.
--------------------------------------------------------
--------------------------------------------------------
 EFFECTIVE ONE- & TWO PDM FOR COUPLED CLUSTER PROGRAM
     WRITTEN BY ANDY SCHEINER & GUSTAVO SCUSERIA
              VERSION  DEC 17 1987
--------------------------------------------------------
--------------------------------------------------------
0AFB151I VDIOS : 200 RECORDS OF LENGTH 4096 FORMATTED ON FILE FT68F001.
         VDIOS : LAST EXECUTED FORTRAN STATEMENT IN PROGRAM RFILE AT ISN 16 (OFFSET 0002DA).
0AFB151I VDIOS : 200 RECORDS OF LENGTH 4096 FORMATTED ON FILE FT81F001.
         VDIOS : LAST EXECUTED FORTRAN STATEMENT IN PROGRAM RFILE AT ISN 16 (OFFSET 0002DA).
 
 
  ***** CC PARAMETERS *****
  LABEL  = H2O CCSD WITH NOTHING FROZEN
  OPTION = CCSD
  SYMM   = CNV 2
 
 THE NUMBER OF S&D WALKS
 NT1    =    19
 NT2    =   368
 
LENGTH OF SYMMETRY-PACKED TWO-PDM
 GA TERMS =       49
 GC TERMS =      239
 GD TERMS =      341
 GE TERMS =      222
 
 POINTERS TO FILE69
  IT169=          3
  IT269=          4
  IETOT=          5
  IECOR=          6
  IZ169=          7
  IZ269=          8
 
 ECOR FROM FILE69   -0.143697093061788073
 ETOT FROM FILE69    -76.0110023991036989
 
 
 MAXIMUM  CORE =    5468  K BYTES  OR     700000 REAL WORDS
 REQUIRED CORE =     436  K BYTES  OR      55925 REAL WORDS
 
 
  BUFFER SIZE IS      51200  REAL WORDS
  TO HOLD       34132  TERMS AT A TIME
 
 GDMAT
 ICNT=           1
 
 GAMAT
 ICNT=         342
 
 GFMAT
 ICNT=         391
 GBMAT
 ICNT=        1071
 
 GCMAT
 ICNT=        1465
 
 GEMAT
 ICNT=        1704
 
 QOO
 ICNT=           1
 
 QVV
 ICNT=           9
 
 QOV
 ICNT=          31
 
 
                   >>> CONSTRUCTION OF ONE & TWO-PDM COMPLETED <<<
 tstop called:
 Timing turned off.
 Elapsed total time =           0 seconds
 Elapsed user time =   0.000000000E+00 seconds
 Elapsed system time = 0.000000000E+00 seconds
************************************************************************************************************************
************************************************************************************************************************
 tstart called:
 Timing turned off.
 
 
   THE MASTER FILE PROGRAM
 
 
   BLABEL = H2O DZ TEST CASE
 
   NBASIS =       14
   NTRI   =      105
   NSYM   =        3
   NBFAO  =       14
   NBFSO  =       14
   NBATRI =      105
   NATOM  =        3
   N3N    =        9
   IOPEN  =        0
   IPRNT  =        0
   SCFTYP = GRSCF
   CITYP  = CI
   DERTYP = FIRST
   TAPE   =   TAPE36
0AFB151I VDIOS : 200 RECORDS OF LENGTH 4096 FORMATTED ON FILE FT40F001.
         VDIOS : LAST EXECUTED FORTRAN STATEMENT IN PROGRAM RFILE AT ISN 16 (OFFSET 0002DA).
0AFB151I VDIOS : 200 RECORDS OF LENGTH 4096 FORMATTED ON FILE FT36F001.
         VDIOS : LAST EXECUTED FORTRAN STATEMENT IN PROGRAM RFILE AT ISN 16 (OFFSET 0002DA).
 
 
   IOCC =     5    KOCC =     0    JOCC =     5
 
 
 
  ******************************************
  ***THE AVERAGED FOCK GENERATING ROUTINE***
  ******************************************
 
 tstop called:
 Timing turned off.
 Elapsed total time =           0 seconds
 Elapsed user time =   0.000000000E+00 seconds
 Elapsed system time = 0.000000000E+00 seconds
************************************************************************************************************************
************************************************************************************************************************
 tstart called:
 Timing turned off.
 
                             DISTINCT ROW TABLE PROGRAM VERSION 6
                                        1/ 1/84
 
 H2O DRT FOR USE WITH CC GRADIENTS
 
   PRNT   X  VALX  INT  BLK  OUT
     0    2    0    0    0    0
 
         NUMBER OF SYMMETRIES, OF BASIS FUNCTIONS, OF REFERENCES
                   ----------     ---------------     ----------
                        1              14                  1
 
 
                           **** ORBITAL INFORMATION ****
 
                    BASIS FCTS  # KEY    TYPE OF ORBITAL  SYM
                    ----------  - ---    ---------------  ---
                       1-  5   5          DOUBLY OCCUPIED   1
                       6- 14   9          UNOCCUPIED        1
 
 
                        ***** NUMBER OF INTERACTING WALKS *****
                        *                                     *
                        *                 1081                *
                        *                                     *
                        ***************************************
 
 
 
   THERE ARE    13833 INTEGRALS TO BE STORED IN  1 GROUPS OF  13833 EACH
  REFERENCE #   1 IS WALK    1081
 
                       14 OF 14 ORBITALS ALLOWED IN CI
0AFB151I VDIOS : 200 RECORDS OF LENGTH 4096 FORMATTED ON FILE FT58F001.
         VDIOS : LAST EXECUTED FORTRAN STATEMENT IN PROGRAM RFILE AT ISN 16 (OFFSET 0002DA).
 
               >>>>> USED    1581 OF   90000 WORDS OF CORE <<<<<
 tstop called:
 Timing turned off.
 Elapsed total time =           0 seconds
 Elapsed user time =   0.000000000E+00 seconds
 Elapsed system time = 0.000000000E+00 seconds
************************************************************************************************************************
************************************************************************************************************************
 tstart called:
 Timing turned off.
 
 
----------------------------------------------
----------------------------------------------
 THE CCTODRT SYMMETRY COUPLED CLUSTER  PROGRAM
           GES VERSION: MAY 6, 1987)
----------------------------------------------
----------------------------------------------
 
 
 
 DRTVER  =   6.010184
 NBF     =       14
 NSYM    =        1
 NORBS   =       14
 NROWS   =       52
 NMAX    =    13833
 NUMIJ   =      105
 NGROUP  =        1
 ISYMRB  =       14
 
0AFB151I VDIOS : 200 RECORDS OF LENGTH 4096 FORMATTED ON FILE FT53F001.
         VDIOS : LAST EXECUTED FORTRAN STATEMENT IN PROGRAM RFILE AT ISN 16 (OFFSET 0002DA).
0AFB151I VDIOS : 200 RECORDS OF LENGTH 4096 FORMATTED ON FILE FT52F001.
         VDIOS : LAST EXECUTED FORTRAN STATEMENT IN PROGRAM RFILE AT ISN 16 (OFFSET 0002DA).
 
 
 
           >>>>> SORT OF INTEGRALS, ONE AND TWOPDM COMPLETED <<<<<
 tstop called:
 Timing turned off.
 Elapsed total time =           0 seconds
 Elapsed user time =   0.000000000E+00 seconds
 Elapsed system time = 0.000000000E+00 seconds
************************************************************************************************************************
************************************************************************************************************************
 tstart called:
 Timing turned off.
0AFB151I VDIOS : 200 RECORDS OF LENGTH 4096 FORMATTED ON FILE FT54F001.
         VDIOS : LAST EXECUTED FORTRAN STATEMENT IN PROGRAM RFILE AT ISN 16 (OFFSET 0002DA).
0AFB151I VDIOS : 200 RECORDS OF LENGTH 4096 FORMATTED ON FILE FT55F001.
         VDIOS : LAST EXECUTED FORTRAN STATEMENT IN PROGRAM RFILE AT ISN 16 (OFFSET 0002DA).
 
 
            PROGRAM TO CONSTRUCT LAGRANGIAN MATRIX
              BASED ON THE ORIGINAL BRB PROGRAM
                  WRITTEN BY G. FITZGERALD
 
               MODIFIED TO BACK TRANSFORM THE
                TWO PARTICLE DENSITY MATRIX
 
            MODIFIED FOR COUPLED CLUSTER GRADIENTS
                    BY GUSTAVO SCUSERIA
                    VERSION NOV 1, 1988
 
 
 USING NEW FILE55 IO (INTEGER WORD ADDRESSING)
 
 USING     700000 REAL WORDS OF CORE.
 
 DRTVER  =   6.010184
 NBF     =       14
 NSYM    =        1
 NORBS   =       14
 NROWS   =       52
 NMAX    =    13833
 NUMIJ   =      105
 NGROUP  =        1
 ISYMRB  =       14
 
0AFB151I VDIOS : 200 RECORDS OF LENGTH 4096 FORMATTED ON FILE FT85F001.
         VDIOS : LAST EXECUTED FORTRAN STATEMENT IN PROGRAM RFILE AT ISN 16 (OFFSET 0002DA).
 
 IOUT HAS BEEN WRITTEN TO FILE 85
 
  NIJAO  =        105
  NSHELL =         10
  NST    =         55
  NSTN   =       1540
 
 CCSD =   T
 
 
 
    NO INPUT TO MONGO HAS BEEN FOUND.
        NORMAL RUN WILL BE DONE
 
 CCSD OPTION, EIGENVALUES AND EIGENVECTORS ARE SORTED
 
   GETTING RID OF FILE 53
 
 ONE ELECTRON CI ENERGY    = -122.807865599301465
 TWO ELECTRON CI ENERGY    =   37.418947451288695
 NUCLEAR REPULSION ENERGY  =    0.000000000000000
 TOTAL CI ENERGY           =  -85.388918148012770
 CI ENERGY FROM TAPE 54    =    0.000000000000000
 SCF ENERGY FROM TAPE 54   =    0.000000000000000
 
 
 ONE PDM IN MO BASIS IS WRITTEN TO 47
 
 
   THE NUMBER OF TPDM ELEMENTS IS        6372
 
 
        >>>>> LAGRANGIAN CALCULATION COMPLETED <<<<<
 
 tstop called:
 Timing turned off.
 Elapsed total time =           0 seconds
 Elapsed user time =   0.000000000E+00 seconds
 Elapsed system time = 0.000000000E+00 seconds
************************************************************************************************************************
************************************************************************************************************************
 tstart called:
 Timing turned off.
 
 
   THE MULLIKEN POPULATION AND DIPOLE MOMENT PROGRAM
 
 
 
   WARNING! NO INPUT TO PROPER HAS BEEN FOUND.
            DEFAULT PARAMETERS WILL BE USED.
 
 
   PARAMETERS
   ISCFCI =        2
   ICENT  =        1
   IPRNT  =        0
   NBASIS =       14
   NBFAO  =       14
   NBFSO  =       14
   NBATRI =      105
   NATOM  =        3
   N3N    =        9
   NSYM   =        3
   IOPEN  =        0
   NSHELL =       10
   NPRIM  =       18
 
 
   H2O DZ TEST CASE
 
 
   ENUC  =         9.2342186558
   ESCF  =       -76.0110023991
 
 
   EONE =         0.0000000000
 
 
 
   GROSS ORBITAL POPULATION
     AO         Q(AO)
 
      1        0.00000
      2        0.00000
      3        0.00000
      4        0.00000
      5        0.00000
      6        0.00000
      7        0.00000
      8        0.00000
      9        0.00000
     10        0.00000
     11        0.00000
     12        0.00000
     13        0.00000
     14        0.00000
 
 
   ATOMIC BOND POPULATION
 
              1           2           3
   ------------------------------------------
    1     0.0000000   0.0000000   0.0000000
    2     0.0000000   0.0000000   0.0000000
    3     0.0000000   0.0000000   0.0000000
 
 
   GROSS ATOMIC POPULATION AND NET CHARGE
     ATOM       Q(ATOM)        QNET
 
      1        0.00000        8.00000
      2        0.00000        1.00000
      3        0.00000        1.00000
 
 
   CARTESIAN COORDINATES
      NO.            X              Y              Z              NUC
 
        1           0.0000000      0.0000000      0.0000000      8.0000000
        2           0.0000000      1.4949590      0.9985921      1.0000000
        3           0.0000000     -1.4949590      0.9985921      1.0000000
 
 
   CENTER OF MASS
         CMX            CMY            CMZ
 
        0.0000000      0.0000000      0.1117573
 
 
 
   CARTESIAN COORDINATES W.R.T. CENTER OF MASS
      NO.            X              Y              Z              W
 
        1           0.0000000      0.0000000     -0.1117573     15.9949100
        2           0.0000000      1.4949590      0.8868347      1.0078250
        3           0.0000000     -1.4949590      0.8868347      1.0078250
 
 
   DIPOLE MOMENTS W.R.T. CENTER OF MASS        IN DEBYE
 
   DEX =   0.00000000    DNX =   0.00000000    DTX =   0.00000000
   DEY =   0.00000000    DNY =   0.00000000    DTY =   0.00000000
   DEZ =   0.00000000    DNZ =   2.23576443    DTZ =   2.23576443
 
   TOTAL DIPOLE MOMENT W.R.T. CENTER OF MASS        =   2.23576443 DEBYE
 
 tstop called:
 Timing turned off.
 Elapsed total time =           0 seconds
 Elapsed user time =   0.000000000E+00 seconds
 Elapsed system time = 0.000000000E+00 seconds
************************************************************************************************************************
************************************************************************************************************************
 tstart called:
 Timing turned off.      
   
  USING NEW FILE55 IO (INTEGER WORD ADDRESSING)
   
 
 H2O DZ TEST CASE                                                                
 
 NUCLEAR REPULSION ENERGY:     9.234218656
 
  NTYPES:    1  SCFTYP: GRSCF   DERTYP: FIRST   CITYP: CI    
 
 
         NUCLEAR REPULSION CONTRIBUTION TO FIRST DERIVATIVE
 
 CENTER       X                   Y                   Z
 
    1      0.000000000000      0.000000000000      2.749686759653
 
    2      0.000000000000     -2.170094059480     -1.374843379827
 
    3      0.000000000000      2.170094059480     -1.374843379827
0AFB151I VDIOS : 200 RECORDS OF LENGTH 4096 FORMATTED ON FILE FT42F001.
         VDIOS : LAST EXECUTED FORTRAN STATEMENT IN PROGRAM RFILE AT ISN 16 (OFFSET 0002DA).
 
 
                HELLMAN-FEYNMAN FIRST DERIVATIVES          
 
 CENTER       X                   Y                   Z
 
    1      0.000000000000      0.000000000000      1.921266801924
 
    2      0.000000000000     -0.332011550419     -0.196676948571
 
    3      0.000000000000      0.332011550419     -0.196676948571
 
 
         ONE-ELECTRON CONTRIBUTION TO FIRST DERIVATIVES    
 
 CENTER       X                   Y                   Z
 
    1      0.000000000000      0.000000000000     -5.041957219905
 
    2      0.000000000000      2.625080412307      1.757022157562
 
    3      0.000000000000     -2.625080412307      1.757022157562
 
 
         TWO-ELECTRON CONTRIBUTION TO FIRST DERIVATIVES    
 
 CENTER       X                   Y                   Z
 
    1      0.000000000000      0.000000000000      2.787152832756
 
    2      0.000000000000     -2.077034686889     -1.393576416378
 
    3      0.000000000000      2.077034686889     -1.393576416378
 
 
         ----- CI GRADIENTS LESS CPHF TERMS ---------------
 
 CENTER       X                   Y                   Z
 
    1      0.000000000000      0.000000000000     -0.333537585225
 
    2      0.000000000000      0.216034174999      0.166768792612
 
    3      0.000000000000     -0.216034174999      0.166768792612
 tstop called:
 Timing turned off.      
 Elapsed total time =           0 seconds
 Elapsed user time =   0.000000000E+00 seconds
 Elapsed system time = 0.000000000E+00 seconds
************************************************************************************************************************
************************************************************************************************************************
 tstart called:
 Timing turned off.      
 
 
          THE GENERAL COUPLED PERTURBED HARTREE-FOCK PROGRAM
                    BASED ON LUCK AND A GOOD GUESS         
 
                      GRCPHF PROGRAM WRITTEN BY            
                    PATIENT BUT FRUSTRATED PEOPLE          
 
              MODIFIED FOR COUPLED CLUSTER GRADIENTS,     
                    LARGE CI CASES AND MCSCF         
                       BY GUSTAVO SCUSERIA         
                     VERSION: OCTOBER 6, 1987.    
 
 
  NBSET           2 
 
  READING DATA FROM DRT TAPE, VERSION=  6.010184
  LABEL FROM DRT: H2O DRT FOR USE WITH CC GRADIENTS                                             
 
  DRT INFORMATION:
  NBF=   14  NSYM=    1  NORBS=   14
  NREFS=    1  ORBSYM=    9 NUMIJ=  105  NGROUP=    1  NMAX=13833
  THE NUMBER OF FZCOR   ORBITALS IS          0 
  THE NUMBER OF FZVIR   ORBITALS IS          0 
  THE NUMBER OF EXTRA INDEPENDENT  PAIRS IS          0 
 
  THE UNOCCUPIED ORBITALS:         1    9
  THE DOUBLY OCCUPIED ORBITALS:   10   14
 
  THE NUMBER OF INDEPENDENT PAIRS IS   45
  PLUS THE TWO CI COEFFICIENTS MAKES   47
 
 THE NUMBER OF INDEPENDENT COR-DOC ROTATIONS IS          0 
 THE NUMBER OF INDEPENDENT VIR-UOC ROTATIONS IS          0 
 
 NUMBER OF A TERMS IN A1 SYMMETRY        2025 
 NUMBER OF TRANSITIONS NEEDED IS           45 
 
  THE NUCLEAR REPULSION ENERGY FROM TAPE47 =        9.2342186558
        
 DIMENSION OF ZZ IS            45 
 DIMENSION OF B LAMDA         405 
 DIMENSION OF A MATRIX       2025 
 DIMENSION OF Z VECTOR         45 
 
  ELECTRONIC ENERGY:  -85.2452210549
     NUCLEAR ENERGY:    9.2342186558
   TOTAL SCF ENERGY:  -76.0110023991
 
 
     THE CI DIPOLE MOMENT                   0.0000000000        0.0000000000        2.2357644346
     CORRECTION TO CI D.M.                  0.0000000000        0.0000000000        0.0052023544
     THE TOTAL CI DIPOLE MOMENT             0.0000000000        0.0000000000        2.2409667890
 
 
     MAGNITUDE OF THE CI D.M.               2.2409667890     DEBYES
 
           
 Z VECTOR NO*NV PART
              1           2           3           4           5
   ------------------------------------------------------------------
    1     0.0000000  -0.0000246   0.0000000   0.0000874  -0.0000316
    2     0.0000000  -0.0009449   0.0000000   0.0001543  -0.0000057
    3     0.0000000   0.0000000  -0.0023322   0.0000000   0.0000000
    4     0.0000000  -0.0015787   0.0000000  -0.0003090  -0.0000078
    5     0.0000000   0.0000000   0.0003477   0.0000000   0.0000000
    6     0.0000000   0.0032979   0.0000000  -0.0013709   0.0000179
    7    -0.0057242   0.0000000   0.0000000   0.0000000   0.0000000
    8     0.0000000   0.0000000  -0.0036247   0.0000000   0.0000000
    9     0.0000000   0.0030145   0.0000000   0.0021534  -0.0000329
 
 
  NO INPUT TO MONGO HAS BEEN FOUND.
 
 
  NUCLEAR REPULSION ENERGY =        9.2342186558
  SCF ENERGY               =      -76.0110023991
   + CORRELATION ENERGY    =      -76.1546994922
 
 
 
          ---------- CC GRADIENTS PLUS CPHF TERMS ----------
 
 CENTER       X                   Y                   Z
 
    1      0.000000000000      0.000000000000      0.031729080717
 
    2      0.000000000000     -0.021590553088     -0.015864540359
 
    3      0.000000000000      0.021590553088     -0.015864540359
 
 
 
           >>>>> GENERAL CPHF CALCULATION COMPLETED <<<<< 
 tstop called:
 Timing turned off.      
 Elapsed total time =           0 seconds
 Elapsed user time =   0.000000000E+00 seconds
 Elapsed system time = 0.000000000E+00 seconds
************************************************************************************************************************
