************************************************************************************************************************
 tstart called:
 Timing turned off.
 
 
 
                    ********************************************************************************************
                    *                                                                                          *
                    *                       INPUT PROGRAM FOR HFS PROGRAMS (HONDO-LIKE)                        *
                    *                                                                                          *
                    *                                   KING-DUPUIS-RYS-SAXE                                   *
                    *                                                                                          *
                    *     H2O DZ TEST CASE                                                                     *
                    *                                                                                          *
                    ********************************************************************************************
 
 
 TIME LIMIT   (NOT IN EFFECT)                =  20000.000
 OUTPUT OPTION                               =     0
 OPTION TO PRESERVE M.O. COEFFICIENTS        =     0
 OPTION FOR NORMALIZATION OF BASIS FUNCTIONS =     0
 OPTION FOR UNNORMALIZATION OF PRIMATIVES    =     0
 
 THE POINT GROUP OF THE MOLECULE IS ...CNV
 THE ORDER OF THE PRINCIPAL AXIS IS ...    2
 
                    ********************
 
                    MOLECULAR BASIS SET
 
                    ********************
 
 THE CONTRACTED PRIMITIVE FUNCTIONS HAVE BEEN UNNORMALIZED
 THE CONTRACTED BASIS FUNCTIONS ARE NOW NORMALIZED TO UNITY
 
 
             * * * * * * * * * * * * * * * * * * * * * * * * * * * * * * * * * * * * * *
 
                ATOM   ATOMIC                COORDINATES                 NUMBER OF
                       CHARGE       X             Y              Z       SHELLS
 
             * * * * * * * * * * * * * * * * * * * * * * * * * * * * * * * * * * * * * *
 
           * OXYGEN      8.0   0.0000000      0.0000000      0.0000000       6          *
                                                                              S   S   S
                                                                              S   P   P
 
           * HYDROGEN    1.0   0.0000000      1.5000000      1.0000000       2          *
                                                                              S   S
 
           * HYDROGEN    1.0   0.0000000     -1.5000000      1.0000000       2          *
                                                                              S   S
 
           ******************************************************************************
 
         CONTRACTED PRIMITIVE FUNCTIONS
 
       ATOM       SHELL TYPE PRIM      EXPONENTS            CONTRACTION COEFFICIENTS
 
    OXYGEN
 
 
                    1    S     1     7816.540000       1.203318  (    0.002031  )
                    1    S     2     1175.820000       2.209022  (    0.015436  )
                    1    S     3      273.188000       3.532983  (    0.073771  )
                    1    S     4       81.169600       4.772170  (    0.247606  )
                    1    S     5       27.183600       5.191252  (    0.611832  )
                    1    S     6        3.413600       0.431723  (    0.241205  )
 
 
                    2    S     7        9.532200       3.866384  (    1.000000  )
 
 
                    3    S     8        0.939800       0.680278  (    1.000000  )
 
 
                    4    S     9        0.284600       0.277707  (    1.000000  )
 
 
                    5    P    10       35.183200       2.391506  (    0.019580  )
                    5    P    11        7.904000       2.346019  (    0.124189  )
                    5    P    12        2.305100       1.598081  (    0.394727  )
                    5    P    13        0.717100       0.590122  (    0.627375  )
 
 
                    6    P    14        0.213700       0.207107  (    1.000000  )
 
    HYDROGEN
 
 
                    9    S    15       19.240600       0.214941  (    0.032828  )
                    9    S    16        2.899200       0.366119  (    0.231208  )
                    9    S    17        0.653400       0.423296  (    0.817238  )
 
 
                   10    S    18        0.177600       0.194981  (    1.000000  )
 
 TOTAL NUMBER OF SHELLS              =   10
 TOTAL NUMBER OF BASIS FUNCTIONS     =   14
 NUMBER OF ELECTRONS                 =   10
 CHARGE OF MOLECULE                  =    0
 STATE MULTIPLICITY                  =    0
 NUMBER OF OCCUPIED ORBITALS (ALPHA) =    4
 NUMBER OF OCCUPIED ORBITALS (BETA ) =    5
 TOTAL NUMBER OF ATOMS               =    3
 
 
 
          INTERNUCLEAR DISTANCES (BOHRS)
          ------------------------------
 
 
             1              2              3
 
    1      0.0000000      1.8027756      1.8027756
    2      1.8027756      0.0000000      3.0000000
    3      1.8027756      3.0000000      0.0000000
 
 
 
          INTERNUCLEAR DISTANCES (ANGSTROMS)
          ----------------------------------
 
 
             1              2              3
 
    1      0.0000000      0.9539875      0.9539875
    2      0.9539875      0.0000000      1.5875312
    3      0.9539875      1.5875312      0.0000000
 
 
 
          INTERNUCLEAR ANGLES  (DEGREES)
          ------------------------------
 
     I   J   K    ANGLE      J   I   K    ANGLE      I   K   J    ANGLE
 
     1   2   3    33.690     2   1   3   112.620     1   3   2    33.690
 
 
 
          INTERNUCLEAR ANGLES  (RADIANS)
          ------------------------------
 
     I   J   K    ANGLE      J   I   K    ANGLE      I   K   J    ANGLE
 
     1   2   3  0.588003     2   1   3  1.965587     1   3   2  0.588003
 
 
 
 
 
    MSU:    2
 KAORDS:    3
 MCONSU:    8
  MGCSU:    3
   MSTU:    4
    MRU:    3
   MCSU:    3
   MCTU:    3
  MCONU:    6
    MCU:    2
   MSFU:    8
    MGU:    4
  MSFRU:   14
 
 
 
0AFB151I VDIOS : 100 RECORDS OF LENGTH 4096 FORMATTED ON FILE FT30F001.
         VDIOS : LAST EXECUTED FORTRAN STATEMENT IN PROGRAM RFILE AT ISN 16 (OFFSET 0002DA).
 
 
 TAPE30 USED     1508 WORDS OR     2 SECTORS
 tstop called:
 Timing turned off.
 Elapsed total time =           0 seconds
 Elapsed user time =   0.000000000E+00 seconds
 Elapsed system time = 0.000000000E+00 seconds
************************************************************************************************************************
************************************************************************************************************************
 tstart called:
 Timing turned off.
 
             THIS PROGRAM COMPUTES INTEGRALS OVER SYMMETRY ORBITALS.
              THE ATOMIC ORBITALS ARE CONTRACTED GAUSSIAN ORBITALS.
              THE POINT GROUPS ARE LIMITED TO D2H AND ITS SUBGROUPS.
 
                                   R. M. PITZER
                                  H. F. SCHAEFER
 
 
 
 INTEGRAL LABEL:   H2O DZ TEST CASE
 
 
 
 NUCLEAR REPULSION ENERGY       9.208536472937
 
 
 IRREDUCIBLE REPRESENTATION   1       2       3       4
 DEGENERACY                   1       1       1       1
 LABEL                       A1      A2      B1      B2
 
 
         **********************
         **  OXYGEN   ATOMS  **
         **********************
 
 NUCLEAR CHARGE   8.00
 
 CENTER            X               Y               Z
   1             0.00000000      0.00000000      0.00000000
 
 
          1S ORBITALS
 ORBITAL EXPONENTS          7816.540       1175.820       273.1880       81.16960       27.18360       3.413600
 CONTRACTION COEFFICIENTS  2.0309982E-03  1.5435986E-02  7.3770933E-02  0.2476058      0.6118314      0.2412048
 
           SYMMETRY ORBITALS
 
 Center  AO   1A1  1
    1    1S   1.0000
 
 
          1S ORBITALS
 ORBITAL EXPONENTS          9.532200
 CONTRACTION COEFFICIENTS   1.000000
 
           SYMMETRY ORBITALS
 
 Center  AO   2A1  1
    1    1S   1.0000
 
 
          1S ORBITALS
 ORBITAL EXPONENTS         0.9398000
 CONTRACTION COEFFICIENTS   1.000000
 
           SYMMETRY ORBITALS
 
 Center  AO   3A1  1
    1    1S   1.0000
 
 
          1S ORBITALS
 ORBITAL EXPONENTS         0.2846000
 CONTRACTION COEFFICIENTS   1.000000
 
           SYMMETRY ORBITALS
 
 Center  AO   4A1  1
    1    1S   1.0000
 
 
          2P ORBITALS
 ORBITAL EXPONENTS          35.18320       7.904000       2.305100      0.7171000
 CONTRACTION COEFFICIENTS  1.9579983E-02  0.1241889      0.3947266      0.6273744
 
           SYMMETRY ORBITALS
 
 Center  AO   5A1  1  1B1  1  1B2  1
    1     X   0.0000  1.0000  0.0000
    1     Y   0.0000  0.0000  1.0000
    1     Z   1.0000  0.0000  0.0000
 
 
          2P ORBITALS
 ORBITAL EXPONENTS         0.2137000
 CONTRACTION COEFFICIENTS   1.000000
 
           SYMMETRY ORBITALS
 
 Center  AO   6A1  1  2B1  1  2B2  1
    1     X   0.0000  1.0000  0.0000
    1     Y   0.0000  0.0000  1.0000
    1     Z   1.0000  0.0000  0.0000
 
 
         **********************
         **  HYDROGEN ATOMS  **
         **********************
 
 NUCLEAR CHARGE   1.00
 
 CENTER            X               Y               Z
   1             0.00000000      1.50000000      1.00000000
   2             0.00000000     -1.50000000      1.00000000
 
 
          1S ORBITALS
 ORBITAL EXPONENTS          19.24060       2.899200      0.6534000
 CONTRACTION COEFFICIENTS  3.2828077E-02  0.2312085      0.8172399
 
           SYMMETRY ORBITALS
 
 Center  AO   7A1  1  3B2  1
    1    1S   1.0000 -1.0000
    2    1S   1.0000  1.0000
 
 
          1S ORBITALS
 ORBITAL EXPONENTS         0.1776000
 CONTRACTION COEFFICIENTS   1.000000
 
           SYMMETRY ORBITALS
 
 Center  AO   8A1  1  4B2  1
    1    1S   1.0000 -1.0000
    2    1S   1.0000  1.0000
 
 
          INTERNUCLEAR DISTANCES ( A.U.)
          ------------------------------
 
             1              2              3
 
    1      0.0000000      1.8027756      1.8027756
    2      1.8027756      0.0000000      3.0000000
    3      1.8027756      3.0000000      0.0000000
 
 
          INTERNUCLEAR DISTANCES (ANGS.)
          ------------------------------
 
             1              2              3
 
    1      0.0000000      0.9539875      0.9539875
    2      0.9539875      0.0000000      1.5875312
    3      0.9539875      1.5875312      0.0000000
 
                 41 S INTEGRALS IN         9 SECTORS
                 41 T INTEGRALS IN         9 SECTORS
                 49 V INTEGRALS IN         9 SECTORS
                1709  INTEGRALS IN         9 SECTORS     0 ACTUALLY
 
 TOTAL OF       1840  INTEGRALS IN        47 SECTORS ARE WRITTEN ON TAPE   34
 tstop called:
 Timing turned off.
 Elapsed total time =           0 seconds
 Elapsed user time =   0.000000000E+00 seconds
 Elapsed system time = 0.000000000E+00 seconds
************************************************************************************************************************
************************************************************************************************************************
 tstart called:
 Timing turned off.
0AFB151I VDIOS : 100 RECORDS OF LENGTH 4096 FORMATTED ON FILE FT92F001.
         VDIOS : LAST EXECUTED FORTRAN STATEMENT IN PROGRAM RFILE AT ISN 16 (OFFSET 0002DA).
 
         H2O DZ TEST CASE
         SCF INPUT FOR DZ WATER
 
 
     CNVG    INPT    PNCH    DIIS    ITER    MCMX    DAMP    ITCN
 EXTP    OPEN    VECT    PRNT    SAVE    THRS    NCOR    ITPR
   0  12   0   0   0  47   0   0   0 100  20   0   0   0   0   0
 
 THRESHOLD FOR ELIMINATION OF BASIS FUNCTIONS  =       1.0E-20
 DENSITY MATRIX CONVERGENCE CRITERION          =       1.0E-12
 ITERATIONS BEFORE EXTRAPOLATION               =       0
 NUCLEAR REPULSION ENERGY                      =       9.2085364729370
 
 FIRST RUN, SO DEFAULTING TO CORE-HAMILTONIAN GUESS
 
                 49 S INTEGRALS READ
                 49 T INTEGRALS READ
                 49 V INTEGRALS READ
                 49 H INTEGRALS FORMED
 
         1073 P AND            0 Q INTEGRALS STORED ON FILE92 IN    2 BUFFERS
                                  TOTAL SPACE USED IS     44 SECTORS
 
 LEVEL SHIFT  =    0.100000
 DAMPING      =    0.000000
 
 ITERATION      ENERGY              DE            SQDIF            DIISER        ONE-ELECTRON ENERGY   TWO-ELECTRON ENERGY
 
     1       -75.357730614         0.00000E+00     0.10000E+01     0.00000E+00     -120.03871375          35.472446664
     2       -75.940908657        -0.58318E+00     0.60109E-01     0.26885E+01     -124.28366401          39.134218883
     3       -76.000453794        -0.59545E-01     0.21249E-01     0.57219E+00     -122.57926436          37.370274091
     4       -76.009165832        -0.87120E-02     0.11836E-01     0.39133E+00     -122.93147207          37.713769762
     5       -76.010875907        -0.17101E-02     0.21930E-02     0.11067E+00     -123.03405846          37.814646084
     6       -76.010981634        -0.10573E-03     0.14890E-02     0.90995E-02     -123.05037332          37.830855216
     7       -76.010986663        -0.50287E-05     0.46151E-03     0.52113E-02     -123.04535409          37.825830955
     8       -76.010986764        -0.10093E-06     0.12338E-03     0.34882E-03     -123.04514172          37.825618484
     9       -76.010986776        -0.11518E-07     0.18492E-04     0.28392E-03     -123.04537294          37.825849687
    10       -76.010986776        -0.33515E-09     0.71799E-05     0.16596E-04     -123.04534141          37.825818165
    11       -76.010986776        -0.12580E-10     0.11788E-05     0.52900E-05     -123.04534495          37.825821702
    12       -76.010986776        -0.14344E-07     0.24278E-06     0.10528E-05     -123.04534441          37.825821159
    13       -76.010986776        -0.25475E-08     0.17040E-07     0.14453E-06     -123.04534431          37.825821063
    14       -76.010986776         0.11220E-08     0.75588E-08     0.47570E-07     -123.04534435          37.825821105
    15       -76.010986776        -0.56215E-10     0.92009E-09     0.24998E-08     -123.04534435          37.825821103
    16       -76.010986776         0.30739E-11     0.22912E-10     0.12300E-09     -123.04534435          37.825821103
    17       -76.010986776         0.39551E-12     0.38543E-11     0.26816E-10     -123.04534435          37.825821103
    18       -76.010986776        -0.13995E-13     0.33107E-11     0.75754E-11     -123.04534435          37.825821103
    19       -76.010986776        -0.88288E-14     0.80891E-12     0.13730E-11     -123.04534435          37.825821103
 
 
 
 ********************************
        MOLECULAR ORBITALS
 ********************************
 
                     IRREP A1
 
                         C( 1)       C( 2)       C( 3)       C( 4)       C( 5)       C( 6)       C( 7)       C( 8)
                      -0.580985    0.130767   -0.043944   -0.051272    0.020617   -0.044035   -0.144405    1.731334
                      -0.461230    0.181372   -0.061328   -0.068682    0.028517   -0.065424   -0.253683   -1.876858
                       0.000075   -0.510670    0.186118    0.111438   -0.066555    0.265241    1.978575    0.391625
                      -0.001866   -0.453520    0.248000    1.273197   -0.383563   -0.073017   -2.894563   -0.351069
                      -0.001598   -0.119648   -0.638872    0.250247    0.856541    0.404461    0.050909    0.008827
                       0.000458   -0.030726   -0.342407    0.482404   -1.285652    0.080026   -0.613970   -0.060152
                      -0.000044   -0.137148   -0.130017   -0.062641    0.186839   -1.000881    0.264656    0.003148
                       0.000190   -0.006615   -0.054429   -1.056333    0.231994    0.583396    0.711243    0.088155
 
     EIGENVALUES     -20.553114   -1.355050   -0.552458    0.220741    0.886642    1.183378    1.651992   43.337410
     CLOSED-SHELL
       OCCUPATION =      2.0         2.0         2.0         0.0         0.0         0.0         0.0         0.0
 
                     IRREP B1
 
                         C( 1)       C( 2)
                      -0.727071   -0.903059
                      -0.411023    1.084070
 
     EIGENVALUES      -0.503075    0.867836
     CLOSED-SHELL
       OCCUPATION =      2.0         0.0
 
                     IRREP B2
 
                         C( 1)       C( 2)       C( 3)       C( 4)
                       0.571649    0.395677   -0.533678   -0.863902
                       0.170345    1.083351    1.802563    0.948137
                      -0.256833    0.026196    0.564012   -0.819708
                      -0.123364    1.598683    0.515108    1.270387
 
     EIGENVALUES      -0.733155    0.313144    0.941568    1.257325
     CLOSED-SHELL
       OCCUPATION =      2.0         0.0         0.0         0.0
 
 
     TOTAL ENERGY       =    -76.0109867759
     KINETIC ENERGY     =     76.0528283678
     POTENTIAL ENERGY   =   -152.0638151438
     VIRIAL THEOREM     =      2.0005504677
     WAVEFUNCTION NORM  =      1.0000000000
 
0AFB151I VDIOS : 100 RECORDS OF LENGTH 4096 FORMATTED ON FILE FT49F001.
         VDIOS : LAST EXECUTED FORTRAN STATEMENT IN PROGRAM RFILE AT ISN 16 (OFFSET 0002DA).
 tstop called:
 Timing turned off.
 Elapsed total time =           0 seconds
 Elapsed user time =   0.000000000E+00 seconds
 Elapsed system time = 0.000000000E+00 seconds
************************************************************************************************************************
************************************************************************************************************************
 tstart called:
 Timing turned off.
 
 
   THE DERIVATIVE PROGRAM
 
 
 
   CLSCF     SCF       FIRST
 
   H2O DZ TEST CASE
 
   NUCLEAR REPULSION ENERGY:        9.2085364729
                 SCF ENERGY:      -76.0109867759
 
 
         NUCLEAR CONTRIBUTION TO FIRST DERIVATIVES
 
 CENTER       X                   Y                   Z
 
    1      0.000000000000      0.000000000000      2.730831735263
 
    2      0.000000000000     -2.159234912558     -1.365415867631
 
    3      0.000000000000      2.159234912558     -1.365415867631
 
 
         ONE-ELECTRON CONTRIBUTION TO FIRST DERIVATIVES
 
 CENTER       X                   Y                   Z
 
    1      0.000000000000      0.000000000000     -6.007691543663
 
    2      0.000000000000      4.549081747429      3.003845771831
 
    3      0.000000000000     -4.549081747429      3.003845771831
 
 
         OVERLAP CONTRIBUTION TO FIRST DERIVATIVES
 
 CENTER       X                   Y                   Z
 
    1      0.000000000000      0.000000000000      0.376134786497
 
    2      0.000000000000     -0.248601748809     -0.188067393249
 
    3      0.000000000000      0.248601748809     -0.188067393249
 
 
         TWO-ELECTRON CONTRIBUTION TO FIRST DERIVATIVES
 
 CENTER       X                   Y                   Z
 
    1      0.000000000000      0.000000000000      2.898002974250
 
    2      0.000000000000     -2.138535040996     -1.449001487125
 
    3      0.000000000000      2.138535040996     -1.449001487125
 
 
         -----TOTAL SCF FIRST DERIVATIVES-----
 
 CENTER       X                   Y                   Z
 
    1      0.000000000000      0.000000000000     -0.002722047653
 
    2      0.000000000000      0.002710045065      0.001361023827
 
    3      0.000000000000     -0.002710045065      0.001361023827
 tstop called:
 Timing turned off.
 Elapsed total time =           0 seconds
 Elapsed user time =   0.000000000E+00 seconds
 Elapsed system time = 0.000000000E+00 seconds
************************************************************************************************************************
************************************************************************
 
 
 BMAT H2O OPTIMIZATION
 CARD  OPTION IS ON     3
 PRIN  OPTION IS ON     0
 FMAT  OPTION IS ON     0
 BFGS  OPTION IS ON     0
                    NUCLEAR COORDINATES IN BOHRS
 
    1    8  0.000000000000    0.000000000000    0.000000000000      1.000000
    2    1  0.000000000000    1.500000000000    1.000000000000      1.000000
    3    1  0.000000000000   -1.500000000000    1.000000000000      1.000000
 
 
 FORCES
 
   0.000000000000  0.000000000000  0.022426563109
   0.000000000000 -0.022327675397 -0.011213281142
   0.000000000000  0.022327675397 -0.011213281142
 
 
 DEFINITION OF INTERNAL COORDINATES          VALUE (ANGS. OR DEGR.)
 
 
   1.STRE      1  2  0  0  1.000000000000        0.953987511567
   1.STRE      1  3  0  0  1.000000000000        0.953987511567
 
   2.BEND      2  1  3  0  1.000000000000      112.619864948040
 
      DETERMINANT  =      0.65927E+01
 
 INTERNAL COORDINATES AND FORCES
 
   1      1.349142077193 -0.035069326088
   2      1.965587446495 -0.002914576683
 FORCE CONSTANTS
 
  8.000000
  0.000000  1.000000
 
 GEOMETRY CHANGE AND NEW INTERNAL COORDINATES
 
   1     -0.004383665761  1.344758411432
   2     -0.002914576683  1.962672869812
 STEP=   1
    1.344759848681  1.962663370910
 STEP=   2
    1.344758402081  1.962672897641
 STEP=   3
    1.344758411460  1.962672869741
 STEP=   4
    1.344758411432  1.962672869812
 
   CARTESIAN DISPLACEMENTS AND NEW CARTESIAN COORDINATES IN ANGSTROMS
 
   1   N   8  0.000000000000  0.000000000000  0.000377992564    1.000000
   2   N   1  0.000000000000 -0.003348620482 -0.000188996282    1.000000
   3   N   1  0.000000000000  0.003348620482 -0.000188996282    1.000000
 
 
 
   1   N   8  0.000000000000  0.000000000000  0.000377992564    1.000000
   2   N   1  0.000000000000  0.790416969313  0.528988063581    1.000000
   3   N   1  0.000000000000 -0.790416969313  0.528988063581    1.000000
 
 CARTESIAN COORDINATES IN A.U.
 
   1   N   8  0.000000000000  0.000000000000  0.000714302626
   2   N   1  0.000000000000  1.493672022588  0.999642848687
   3   N   1  0.000000000000 -1.493672022588  0.999642848687
************************************************************************************************************************
 tstart called:
 Timing turned off.
 
 
   THE GEOMETRY UPDATING PROGRAM
 
 
 
 
   PARAMETERS
   MPOINT =   200
   MCONST =   200
   NCALCS =     1
   NATOM  =     3
   N3N    =     9
   IGEOP  =   501
 
 
   OLD COORDINATES IN TAPE30
                                        OLD X IN A.U.
     NO.     CHARGE          X               Y               Z
 
       1     0.0000000000    0.0000000000    0.0000000000    0.0000000000
       2     0.0000000000    0.0000000000    1.5000000000    1.0000000000
       3     0.0000000000    0.0000000000   -1.5000000000    1.0000000000
 
 
   NEW COORDINATES IN TAPE30
                                        NEW X IN A.U.
     NO.     CHARGE          X               Y               Z
 
       1     0.0000000000    0.0000000000    0.0000000000    0.0007143026
       2     0.0000000000    0.0000000000    1.4936720226    0.9996428487
       3     0.0000000000    0.0000000000   -1.4936720226    0.9996428487
 
 
   GEOMETRY IN TAPE30 IS UPDATED
 
 tstop called:
 Timing turned off.
 Elapsed total time =           0 seconds
 Elapsed user time =   0.000000000E+00 seconds
 Elapsed system time = 0.000000000E+00 seconds
************************************************************************************************************************
************************************************************************************************************************
 tstart called:
 Timing turned off.
 
             THIS PROGRAM COMPUTES INTEGRALS OVER SYMMETRY ORBITALS.
              THE ATOMIC ORBITALS ARE CONTRACTED GAUSSIAN ORBITALS.
              THE POINT GROUPS ARE LIMITED TO D2H AND ITS SUBGROUPS.
 
                                   R. M. PITZER
                                  H. F. SCHAEFER
 
 
 
 INTEGRAL LABEL:   H2O DZ TEST CASE
 
 
 
 NUCLEAR REPULSION ENERGY       9.238880181769
 
 
 IRREDUCIBLE REPRESENTATION   1       2       3       4
 DEGENERACY                   1       1       1       1
 LABEL                       A1      A2      B1      B2
 
 
         **********************
         **  OXYGEN   ATOMS  **
         **********************
 
 NUCLEAR CHARGE   8.00
 
 CENTER            X               Y               Z
   1             0.00000000      0.00000000      0.00071430
 
 
          1S ORBITALS
 ORBITAL EXPONENTS          7816.540       1175.820       273.1880       81.16960       27.18360       3.413600
 CONTRACTION COEFFICIENTS  2.0309982E-03  1.5435986E-02  7.3770933E-02  0.2476058      0.6118314      0.2412048
 
           SYMMETRY ORBITALS
 
 Center  AO   1A1  1
    1    1S   1.0000
 
 
          1S ORBITALS
 ORBITAL EXPONENTS          9.532200
 CONTRACTION COEFFICIENTS   1.000000
 
           SYMMETRY ORBITALS
 
 Center  AO   2A1  1
    1    1S   1.0000
 
 
          1S ORBITALS
 ORBITAL EXPONENTS         0.9398000
 CONTRACTION COEFFICIENTS   1.000000
 
           SYMMETRY ORBITALS
 
 Center  AO   3A1  1
    1    1S   1.0000
 
 
          1S ORBITALS
 ORBITAL EXPONENTS         0.2846000
 CONTRACTION COEFFICIENTS   1.000000
 
           SYMMETRY ORBITALS
 
 Center  AO   4A1  1
    1    1S   1.0000
 
 
          2P ORBITALS
 ORBITAL EXPONENTS          35.18320       7.904000       2.305100      0.7171000
 CONTRACTION COEFFICIENTS  1.9579983E-02  0.1241889      0.3947266      0.6273744
 
           SYMMETRY ORBITALS
 
 Center  AO   5A1  1  1B1  1  1B2  1
    1     X   0.0000  1.0000  0.0000
    1     Y   0.0000  0.0000  1.0000
    1     Z   1.0000  0.0000  0.0000
 
 
          2P ORBITALS
 ORBITAL EXPONENTS         0.2137000
 CONTRACTION COEFFICIENTS   1.000000
 
           SYMMETRY ORBITALS
 
 Center  AO   6A1  1  2B1  1  2B2  1
    1     X   0.0000  1.0000  0.0000
    1     Y   0.0000  0.0000  1.0000
    1     Z   1.0000  0.0000  0.0000
 
 
         **********************
         **  HYDROGEN ATOMS  **
         **********************
 
 NUCLEAR CHARGE   1.00
 
 CENTER            X               Y               Z
   1             0.00000000      1.49367202      0.99964285
   2             0.00000000     -1.49367202      0.99964285
 
 
          1S ORBITALS
 ORBITAL EXPONENTS          19.24060       2.899200      0.6534000
 CONTRACTION COEFFICIENTS  3.2828077E-02  0.2312085      0.8172399
 
           SYMMETRY ORBITALS
 
 Center  AO   7A1  1  3B2  1
    1    1S   1.0000 -1.0000
    2    1S   1.0000  1.0000
 
 
          1S ORBITALS
 ORBITAL EXPONENTS         0.1776000
 CONTRACTION COEFFICIENTS   1.000000
 
           SYMMETRY ORBITALS
 
 Center  AO   8A1  1  4B2  1
    1    1S   1.0000 -1.0000
    2    1S   1.0000  1.0000
 
 
          INTERNUCLEAR DISTANCES ( A.U.)
          ------------------------------
 
             1              2              3
 
    1      0.0000000      1.7969180      1.7969180
    2      1.7969180      0.0000000      2.9873440
    3      1.7969180      2.9873440      0.0000000
 
 
          INTERNUCLEAR DISTANCES (ANGS.)
          ------------------------------
 
             1              2              3
 
    1      0.0000000      0.9508878      0.9508878
    2      0.9508878      0.0000000      1.5808339
    3      0.9508878      1.5808339      0.0000000
 
                 41 S INTEGRALS IN         9 SECTORS
                 41 T INTEGRALS IN         9 SECTORS
                 49 V INTEGRALS IN         9 SECTORS
                1709  INTEGRALS IN         9 SECTORS     0 ACTUALLY
 
 TOTAL OF       1840  INTEGRALS IN        47 SECTORS ARE WRITTEN ON TAPE   34
 tstop called:
 Timing turned off.
 Elapsed total time =           0 seconds
 Elapsed user time =   0.000000000E+00 seconds
 Elapsed system time = 0.000000000E+00 seconds
************************************************************************************************************************
************************************************************************************************************************
 tstart called:
 Timing turned off.
 
         H2O DZ TEST CASE
         SCF INPUT FOR DZ WATER
 
 
     CNVG    INPT    PNCH    DIIS    ITER    MCMX    DAMP    ITCN
 EXTP    OPEN    VECT    PRNT    SAVE    THRS    NCOR    ITPR
   0  12   0   0   0  47   0   0   0 100  20   0   0   0   0   0
 
 THRESHOLD FOR ELIMINATION OF BASIS FUNCTIONS  =       1.0E-20
 DENSITY MATRIX CONVERGENCE CRITERION          =       1.0E-12
 ITERATIONS BEFORE EXTRAPOLATION               =       0
 NUCLEAR REPULSION ENERGY                      =       9.2388801817692
 
 FIRST RUN, SO DEFAULTING TO CORE-HAMILTONIAN GUESS
 
                 49 S INTEGRALS READ
                 49 T INTEGRALS READ
                 49 V INTEGRALS READ
                 49 H INTEGRALS FORMED
 
         1073 P AND            0 Q INTEGRALS STORED ON FILE92 IN    2 BUFFERS
                                  TOTAL SPACE USED IS     44 SECTORS
 
 LEVEL SHIFT  =    0.100000
 DAMPING      =    0.000000
 
 ITERATION      ENERGY              DE            SQDIF            DIISER        ONE-ELECTRON ENERGY   TWO-ELECTRON ENERGY
 
     1       -75.358765711         0.00000E+00     0.10000E+01     0.00000E+00     -120.09547380          35.497827907
     2       -75.941162127        -0.58240E+00     0.60102E-01     0.26873E+01     -124.33246762          39.152425314
     3       -76.000543626        -0.59381E-01     0.21243E-01     0.57386E+00     -122.63560716          37.396183351
     4       -76.009188427        -0.86448E-02     0.11810E-01     0.39145E+00     -122.98415560          37.736086996
     5       -76.010892548        -0.17041E-02     0.21873E-02     0.11140E+00     -123.08664183          37.836869098
     6       -76.010996715        -0.10417E-03     0.14874E-02     0.90549E-02     -123.10284680          37.852969904
     7       -76.011001649        -0.49340E-05     0.45805E-03     0.52412E-02     -123.09782724          37.847945406
     8       -76.011001746        -0.96911E-07     0.12228E-03     0.35854E-03     -123.09762972          37.847747794
     9       -76.011001757        -0.10988E-07     0.18108E-04     0.27953E-03     -123.09785737          37.847975430
    10       -76.011001757        -0.32840E-09     0.70089E-05     0.16666E-04     -123.09782612          37.847944181
    11       -76.011001757        -0.12736E-10     0.11662E-05     0.53246E-05     -123.09782960          37.847947661
    12       -76.011001757        -0.13607E-07     0.24511E-06     0.10106E-05     -123.09782908          37.847947146
    13       -76.011001757        -0.23015E-08     0.16582E-07     0.13362E-06     -123.09782900          37.847947059
    14       -76.011001757         0.10988E-08     0.73724E-08     0.46619E-07     -123.09782904          37.847947100
    15       -76.011001757        -0.56727E-10     0.92611E-09     0.25542E-08     -123.09782904          37.847947098
    16       -76.011001757         0.31539E-11     0.22456E-10     0.12182E-09     -123.09782904          37.847947098
    17       -76.011001757         0.37284E-12     0.43082E-11     0.28159E-10     -123.09782904          37.847947098
    18       -76.011001757        -0.10795E-13     0.35649E-11     0.79875E-11     -123.09782904          37.847947098
    19       -76.011001757        -0.76972E-14     0.85499E-12     0.14870E-11     -123.09782904          37.847947098
 
 
 
 ********************************
        MOLECULAR ORBITALS
 ********************************
 
                     IRREP A1
 
                         C( 1)       C( 2)       C( 3)       C( 4)       C( 5)       C( 6)       C( 7)       C( 8)
                      -0.580982    0.130716   -0.044075   -0.051245    0.020695   -0.044282   -0.144378    1.731337
                      -0.461230    0.181314   -0.061507   -0.068634    0.028590   -0.065780   -0.253695   -1.876906
                       0.000064   -0.510541    0.186550    0.110914   -0.065819    0.266218    1.980160    0.391953
                      -0.001865   -0.452275    0.248906    1.279568   -0.389842   -0.063983   -2.905677   -0.352200
                      -0.001604   -0.120608   -0.638980    0.249312    0.855095    0.408797    0.049623    0.008868
                       0.000459   -0.030585   -0.342032    0.483038   -1.287856    0.081993   -0.617126   -0.060466
                      -0.000043   -0.137893   -0.130047   -0.061471    0.188839   -1.002788    0.265514    0.003008
                       0.000189   -0.006440   -0.053657   -1.059534    0.233690    0.578837    0.715771    0.088686
 
     EIGENVALUES     -20.552727   -1.356885   -0.553226    0.221675    0.886124    1.188209    1.653193   43.338581
     CLOSED-SHELL
       OCCUPATION =      2.0         2.0         2.0         0.0         0.0         0.0         0.0         0.0
 
                     IRREP B1
 
                         C( 1)       C( 2)
                      -0.727101   -0.903035
                      -0.410987    1.084084
 
     EIGENVALUES      -0.503383    0.867732
     CLOSED-SHELL
       OCCUPATION =      2.0         0.0
 
                     IRREP B2
 
                         C( 1)       C( 2)       C( 3)       C( 4)
                       0.572159    0.394730   -0.530542   -0.866998
                       0.169330    1.085891    1.804529    0.950104
                      -0.257351    0.025393    0.563972   -0.820217
                      -0.123053    1.606944    0.519695    1.273061
 
     EIGENVALUES      -0.734747    0.314053    0.939524    1.260803
     CLOSED-SHELL
       OCCUPATION =      2.0         0.0         0.0         0.0
 
 
     TOTAL ENERGY       =    -76.0110017570
     KINETIC ENERGY     =     76.0652163885
     POTENTIAL ENERGY   =   -152.0762181455
     VIRIAL THEOREM     =      2.0007132472
     WAVEFUNCTION NORM  =      1.0000000000
 
 tstop called:
 Timing turned off.
 Elapsed total time =           0 seconds
 Elapsed user time =   0.000000000E+00 seconds
 Elapsed system time = 0.000000000E+00 seconds
************************************************************************************************************************
************************************************************************************************************************
 tstart called:
 Timing turned off.
 
 
   THE DERIVATIVE PROGRAM
 
 
 
   CLSCF     SCF       FIRST
 
   H2O DZ TEST CASE
 
   NUCLEAR REPULSION ENERGY:        9.2388801818
                 SCF ENERGY:      -76.0110017570
 
 
         NUCLEAR CONTRIBUTION TO FIRST DERIVATIVES
 
 CENTER       X                   Y                   Z
 
    1      0.000000000000      0.000000000000      2.754670250181
 
    2      0.000000000000     -2.171548149666     -1.377335125091
 
    3      0.000000000000      2.171548149666     -1.377335125091
 
 
         ONE-ELECTRON CONTRIBUTION TO FIRST DERIVATIVES
 
 CENTER       X                   Y                   Z
 
    1      0.000000000000      0.000000000000     -6.057040539014
 
    2      0.000000000000      4.562169299336      3.028520269507
 
    3      0.000000000000     -4.562169299336      3.028520269507
 
 
         OVERLAP CONTRIBUTION TO FIRST DERIVATIVES
 
 CENTER       X                   Y                   Z
 
    1      0.000000000000      0.000000000000      0.379704427224
 
    2      0.000000000000     -0.249240798617     -0.189852213612
 
    3      0.000000000000      0.249240798617     -0.189852213612
 
 
         TWO-ELECTRON CONTRIBUTION TO FIRST DERIVATIVES
 
 CENTER       X                   Y                   Z
 
    1      0.000000000000      0.000000000000      2.923063937209
 
    2      0.000000000000     -2.141931463212     -1.461531968605
 
    3      0.000000000000      2.141931463212     -1.461531968605
 
 
         -----TOTAL SCF FIRST DERIVATIVES-----
 
 CENTER       X                   Y                   Z
 
    1      0.000000000000      0.000000000000      0.000398075601
 
    2      0.000000000000     -0.000551112160     -0.000199037801
 
    3      0.000000000000      0.000551112160     -0.000199037801
 tstop called:
 Timing turned off.
 Elapsed total time =           0 seconds
 Elapsed user time =   0.000000000E+00 seconds
 Elapsed system time = 0.000000000E+00 seconds
************************************************************************************************************************
************************************************************************
 
 
 BMAT H2O OPTIMIZATION
 CARD  OPTION IS ON     3
 PRIN  OPTION IS ON     0
 FMAT  OPTION IS ON     0
 BFGS  OPTION IS ON     0
                    NUCLEAR COORDINATES IN BOHRS
 
    1    8  0.000000000000    0.000000000000    0.000714302600      1.000000
    2    1  0.000000000000    1.493672022600    0.999642848700      1.000000
    3    1  0.000000000000   -1.493672022600    0.999642848700      1.000000
 
 
 FORCES
 
   0.000000000000  0.000000000000 -0.003279688143
   0.000000000000  0.004540534882  0.001639844071
   0.000000000000 -0.004540534882  0.001639844071
 
 
 DEFINITION OF INTERNAL COORDINATES          VALUE (ANGS. OR DEGR.)
 
 
   1.STRE      1  2  0  0  1.000000000000        0.950887791798
   1.STRE      1  3  0  0  1.000000000000        0.950887791798
 
   2.BEND      2  1  3  0  1.000000000000      112.452872003371
 
      DETERMINANT  =      0.66358E+01
 
 INTERNAL COORDINATES AND FORCES
 
   1      1.344758411456  0.006626846687
   2      1.962672869783  0.001104011886
 FORCE CONSTANTS
 
  8.000000
  0.000000  1.000000
 
 OLD GEOMETRY AND FORCES
 
   1      1.349142077193 -0.035069326088
   2      1.965587446495 -0.002914576683
 BFGS HESSIAN UPDATE
 
 
 GEOMETRY CHANGE AND NEW INTERNAL COORDINATES
 
   1      0.000685474362  1.345443885818
   2      0.000917225219  1.963590095002
 
 IMPROVED FORCE CONSTANT MATRIX
 
 9.3578244
 0.2314568 1.0306675
 STEP=   1
    1.345444027164  1.963589627631
 STEP=   2
    1.345443885962  1.963590094860
 STEP=   3
    1.345443885818  1.963590095002
 
   CARTESIAN DISPLACEMENTS AND NEW CARTESIAN COORDINATES IN ANGSTROMS
 
   1   N   8  0.000000000000  0.000000000000  0.000062188648    1.000000
   2   N   1  0.000000000000  0.000645373151 -0.000031094324    1.000000
   3   N   1  0.000000000000 -0.000645373151 -0.000031094324    1.000000
 
 
 
   1   N   8  0.000000000000  0.000000000000  0.000440181197    1.000000
   2   N   1  0.000000000000  0.791062342470  0.528956969264    1.000000
   3   N   1  0.000000000000 -0.791062342470  0.528956969264    1.000000
 
 CARTESIAN COORDINATES IN A.U.
 
   1   N   8  0.000000000000  0.000000000000  0.000831822146
   2   N   1  0.000000000000  1.494891601452  0.999584088927
   3   N   1  0.000000000000 -1.494891601452  0.999584088927
************************************************************************************************************************
 tstart called:
 Timing turned off.
 
 
   THE GEOMETRY UPDATING PROGRAM
 
 
 
 
   PARAMETERS
   MPOINT =   200
   MCONST =   200
   NCALCS =     1
   NATOM  =     3
   N3N    =     9
   IGEOP  =   501
 
 
   OLD COORDINATES IN TAPE30
                                        OLD X IN A.U.
     NO.     CHARGE          X               Y               Z
 
       1     0.0000000000    0.0000000000    0.0000000000    0.0007143026
       2     0.0000000000    0.0000000000    1.4936720226    0.9996428487
       3     0.0000000000    0.0000000000   -1.4936720226    0.9996428487
 
 
   NEW COORDINATES IN TAPE30
                                        NEW X IN A.U.
     NO.     CHARGE          X               Y               Z
 
       1     0.0000000000    0.0000000000    0.0000000000    0.0008318221
       2     0.0000000000    0.0000000000    1.4948916015    0.9995840889
       3     0.0000000000    0.0000000000   -1.4948916015    0.9995840889
 
 
   GEOMETRY IN TAPE30 IS UPDATED
 
 tstop called:
 Timing turned off.
 Elapsed total time =           0 seconds
 Elapsed user time =   0.000000000E+00 seconds
 Elapsed system time = 0.000000000E+00 seconds
************************************************************************************************************************
************************************************************************************************************************
 tstart called:
 Timing turned off.
 
             THIS PROGRAM COMPUTES INTEGRALS OVER SYMMETRY ORBITALS.
              THE ATOMIC ORBITALS ARE CONTRACTED GAUSSIAN ORBITALS.
              THE POINT GROUPS ARE LIMITED TO D2H AND ITS SUBGROUPS.
 
                                   R. M. PITZER
                                  H. F. SCHAEFER
 
 
 
 INTEGRAL LABEL:   H2O DZ TEST CASE
 
 
 
 NUCLEAR REPULSION ENERGY       9.234070623034
 
 
 IRREDUCIBLE REPRESENTATION   1       2       3       4
 DEGENERACY                   1       1       1       1
 LABEL                       A1      A2      B1      B2
 
 
         **********************
         **  OXYGEN   ATOMS  **
         **********************
 
 NUCLEAR CHARGE   8.00
 
 CENTER            X               Y               Z
   1             0.00000000      0.00000000      0.00083182
 
 
          1S ORBITALS
 ORBITAL EXPONENTS          7816.540       1175.820       273.1880       81.16960       27.18360       3.413600
 CONTRACTION COEFFICIENTS  2.0309982E-03  1.5435986E-02  7.3770933E-02  0.2476058      0.6118314      0.2412048
 
           SYMMETRY ORBITALS
 
 Center  AO   1A1  1
    1    1S   1.0000
 
 
          1S ORBITALS
 ORBITAL EXPONENTS          9.532200
 CONTRACTION COEFFICIENTS   1.000000
 
           SYMMETRY ORBITALS
 
 Center  AO   2A1  1
    1    1S   1.0000
 
 
          1S ORBITALS
 ORBITAL EXPONENTS         0.9398000
 CONTRACTION COEFFICIENTS   1.000000
 
           SYMMETRY ORBITALS
 
 Center  AO   3A1  1
    1    1S   1.0000
 
 
          1S ORBITALS
 ORBITAL EXPONENTS         0.2846000
 CONTRACTION COEFFICIENTS   1.000000
 
           SYMMETRY ORBITALS
 
 Center  AO   4A1  1
    1    1S   1.0000
 
 
          2P ORBITALS
 ORBITAL EXPONENTS          35.18320       7.904000       2.305100      0.7171000
 CONTRACTION COEFFICIENTS  1.9579983E-02  0.1241889      0.3947266      0.6273744
 
           SYMMETRY ORBITALS
 
 Center  AO   5A1  1  1B1  1  1B2  1
    1     X   0.0000  1.0000  0.0000
    1     Y   0.0000  0.0000  1.0000
    1     Z   1.0000  0.0000  0.0000
 
 
          2P ORBITALS
 ORBITAL EXPONENTS         0.2137000
 CONTRACTION COEFFICIENTS   1.000000
 
           SYMMETRY ORBITALS
 
 Center  AO   6A1  1  2B1  1  2B2  1
    1     X   0.0000  1.0000  0.0000
    1     Y   0.0000  0.0000  1.0000
    1     Z   1.0000  0.0000  0.0000
 
 
         **********************
         **  HYDROGEN ATOMS  **
         **********************
 
 NUCLEAR CHARGE   1.00
 
 CENTER            X               Y               Z
   1             0.00000000      1.49489160      0.99958409
   2             0.00000000     -1.49489160      0.99958409
 
 
          1S ORBITALS
 ORBITAL EXPONENTS          19.24060       2.899200      0.6534000
 CONTRACTION COEFFICIENTS  3.2828077E-02  0.2312085      0.8172399
 
           SYMMETRY ORBITALS
 
 Center  AO   7A1  1  3B2  1
    1    1S   1.0000 -1.0000
    2    1S   1.0000  1.0000
 
 
          1S ORBITALS
 ORBITAL EXPONENTS         0.1776000
 CONTRACTION COEFFICIENTS   1.000000
 
           SYMMETRY ORBITALS
 
 Center  AO   8A1  1  4B2  1
    1    1S   1.0000 -1.0000
    2    1S   1.0000  1.0000
 
 
          INTERNUCLEAR DISTANCES ( A.U.)
          ------------------------------
 
             1              2              3
 
    1      0.0000000      1.7978340      1.7978340
    2      1.7978340      0.0000000      2.9897832
    3      1.7978340      2.9897832      0.0000000
 
 
          INTERNUCLEAR DISTANCES (ANGS.)
          ------------------------------
 
             1              2              3
 
    1      0.0000000      0.9513725      0.9513725
    2      0.9513725      0.0000000      1.5821247
    3      0.9513725      1.5821247      0.0000000
 
                 41 S INTEGRALS IN         9 SECTORS
                 41 T INTEGRALS IN         9 SECTORS
                 49 V INTEGRALS IN         9 SECTORS
                1709  INTEGRALS IN         9 SECTORS     0 ACTUALLY
 
 TOTAL OF       1840  INTEGRALS IN        47 SECTORS ARE WRITTEN ON TAPE   34
 tstop called:
 Timing turned off.
 Elapsed total time =           0 seconds
 Elapsed user time =   0.000000000E+00 seconds
 Elapsed system time = 0.000000000E+00 seconds
************************************************************************************************************************
************************************************************************************************************************
 tstart called:
 Timing turned off.
 
         H2O DZ TEST CASE
         SCF INPUT FOR DZ WATER
 
 
     CNVG    INPT    PNCH    DIIS    ITER    MCMX    DAMP    ITCN
 EXTP    OPEN    VECT    PRNT    SAVE    THRS    NCOR    ITPR
   0  12   0   1   0  47   0   0   0 100  20   0   0   0   0   0
 
 THRESHOLD FOR ELIMINATION OF BASIS FUNCTIONS  =       1.0E-20
 DENSITY MATRIX CONVERGENCE CRITERION          =       1.0E-12
 ITERATIONS BEFORE EXTRAPOLATION               =       0
 NUCLEAR REPULSION ENERGY                      =       9.2340706230338
 
 USING VECTOR SET   1 AS INITIAL GUESS
 
 ENERGY FROM OLD VECTOR:  -76.01100176
 
                 49 S INTEGRALS READ
                 49 T INTEGRALS READ
                 49 V INTEGRALS READ
                 49 H INTEGRALS FORMED
 
         1073 P AND            0 Q INTEGRALS STORED ON FILE92 IN    2 BUFFERS
                                  TOTAL SPACE USED IS     44 SECTORS
 
 LEVEL SHIFT  =    0.100000
 DAMPING      =    0.000000
 
 ITERATION      ENERGY              DE            SQDIF            DIISER        ONE-ELECTRON ENERGY   TWO-ELECTRON ENERGY
 
     1       -76.011002233         0.00000E+00     0.10000E+01     0.00000E+00     -123.09115934          37.846086481
     2       -76.010999857         0.23763E-05     0.65958E-01     0.19430E-01     -123.08805103          37.842980552
     3       -76.011002383        -0.25263E-05     0.10161E-03     0.17329E-01     -123.08967965          37.844606643
     4       -76.011002393        -0.10129E-07     0.88633E-04     0.77336E-03     -123.08960469          37.844531673
     5       -76.011002396        -0.26626E-08     0.54592E-05     0.30494E-03     -123.08967852          37.844605496
     6       -76.011002396        -0.76714E-10     0.41141E-05     0.56122E-04     -123.08963007          37.844557050
     7       -76.011002396        -0.25899E-10     0.28312E-06     0.16796E-04     -123.08962405          37.844551026
     8       -76.011002396        -0.15739E-11     0.30544E-06     0.47458E-05     -123.08962540          37.844552382
     9       -76.011002396         0.26441E-07     0.65422E-07     0.12843E-05     -123.08962640          37.844553383
    10       -76.011002396         0.32040E-09     0.27374E-07     0.29385E-07     -123.08962641          37.844553395
    11       -76.011002396        -0.11016E-09     0.10173E-08     0.37059E-08     -123.08962641          37.844553390
    12       -76.011002396        -0.12304E-10     0.13405E-09     0.94422E-09     -123.08962641          37.844553390
    13       -76.011002396        -0.48584E-11     0.27568E-10     0.27651E-09     -123.08962641          37.844553390
    14       -76.011002396         0.16888E-12     0.62974E-11     0.69628E-11     -123.08962641          37.844553390
    15       -76.011002396         0.93783E-13     0.75901E-12     0.42566E-11     -123.08962641          37.844553390
 
 
 
 ********************************
        MOLECULAR ORBITALS
 ********************************
 
                     IRREP A1
 
                         C( 1)       C( 2)       C( 3)       C( 4)       C( 5)       C( 6)       C( 7)       C( 8)
                      -0.580982    0.130726   -0.044043   -0.051255    0.020676   -0.044208   -0.144393    1.731337
                      -0.461230    0.181325   -0.061462   -0.068649    0.028568   -0.065664   -0.253708   -1.876897
                       0.000065   -0.510566    0.186436    0.111021   -0.065880    0.265652    1.979925    0.391893
                      -0.001865   -0.452483    0.248695    1.278584   -0.388776   -0.065008   -2.903735   -0.352000
                      -0.001602   -0.120423   -0.639003    0.249404    0.855301    0.408107    0.049868    0.008859
                       0.000459   -0.030600   -0.342141    0.482796   -1.287378    0.081509   -0.616253   -0.060387
                      -0.000043   -0.137772   -0.130010   -0.061691    0.188607   -1.002461    0.265054    0.003019
                       0.000190   -0.006468   -0.053765   -1.059013    0.233252    0.579537    0.715116    0.088598
 
     EIGENVALUES     -20.552768   -1.356570   -0.553058    0.221531    0.886191    1.187291    1.652937   43.338400
     CLOSED-SHELL
       OCCUPATION =      2.0         2.0         2.0         0.0         0.0         0.0         0.0         0.0
 
                     IRREP B1
 
                         C( 1)       C( 2)
                      -0.727090   -0.903044
                      -0.410999    1.084079
 
     EIGENVALUES      -0.503323    0.867756
     CLOSED-SHELL
       OCCUPATION =      2.0         0.0
 
                     IRREP B2
 
                         C( 1)       C( 2)       C( 3)       C( 4)
                       0.572071    0.394859   -0.531151   -0.866484
                       0.169474    1.085671    1.804847    0.949476
                      -0.257270    0.025484    0.563919   -0.820234
                      -0.123080    1.605721    0.519535    1.272426
 
     EIGENVALUES      -0.734541    0.313914    0.939948    1.260321
     CLOSED-SHELL
       OCCUPATION =      2.0         0.0         0.0         0.0
 
 
     TOTAL ENERGY       =    -76.0110023958
     KINETIC ENERGY     =     76.0632162204
     POTENTIAL ENERGY   =   -152.0742186162
     VIRIAL THEOREM     =      2.0006869246
     WAVEFUNCTION NORM  =      1.0000000000
 
 tstop called:
 Timing turned off.
 Elapsed total time =           0 seconds
 Elapsed user time =   0.000000000E+00 seconds
 Elapsed system time = 0.000000000E+00 seconds
************************************************************************************************************************
************************************************************************************************************************
 tstart called:
 Timing turned off.
 
 
   THE DERIVATIVE PROGRAM
 
 
 
   CLSCF     SCF       FIRST
 
   H2O DZ TEST CASE
 
   NUCLEAR REPULSION ENERGY:        9.2340706230
                 SCF ENERGY:      -76.0110023958
 
 
         NUCLEAR CONTRIBUTION TO FIRST DERIVATIVES
 
 CENTER       X                   Y                   Z
 
    1      0.000000000000      0.000000000000      2.749976691555
 
    2      0.000000000000     -2.169898192680     -1.374988345778
 
    3      0.000000000000      2.169898192680     -1.374988345778
 
 
         ONE-ELECTRON CONTRIBUTION TO FIRST DERIVATIVES
 
 CENTER       X                   Y                   Z
 
    1      0.000000000000      0.000000000000     -6.046752009148
 
    2      0.000000000000      4.561171190052      3.023376004574
 
    3      0.000000000000     -4.561171190052      3.023376004574
 
 
         OVERLAP CONTRIBUTION TO FIRST DERIVATIVES
 
 CENTER       X                   Y                   Z
 
    1      0.000000000000      0.000000000000      0.378989977927
 
    2      0.000000000000     -0.249223413343     -0.189494988963
 
    3      0.000000000000      0.249223413343     -0.189494988963
 
 
         TWO-ELECTRON CONTRIBUTION TO FIRST DERIVATIVES
 
 CENTER       X                   Y                   Z
 
    1      0.000000000000      0.000000000000      2.917743428064
 
    2      0.000000000000     -2.142048260962     -1.458871714032
 
    3      0.000000000000      2.142048260962     -1.458871714032
 
 
         -----TOTAL SCF FIRST DERIVATIVES-----
 
 CENTER       X                   Y                   Z
 
    1      0.000000000000      0.000000000000     -0.000041911602
 
    2      0.000000000000      0.000001323068      0.000020955801
 
    3      0.000000000000     -0.000001323068      0.000020955801
 tstop called:
 Timing turned off.
 Elapsed total time =           0 seconds
 Elapsed user time =   0.000000000E+00 seconds
 Elapsed system time = 0.000000000E+00 seconds
************************************************************************************************************************
************************************************************************
 
 
 BMAT H2O OPTIMIZATION
 CARD  OPTION IS ON     3
 PRIN  OPTION IS ON     0
 FMAT  OPTION IS ON     0
 BFGS  OPTION IS ON     0
                    NUCLEAR COORDINATES IN BOHRS
 
    1    8  0.000000000000    0.000000000000    0.000831822100      1.000000
    2    1  0.000000000000    1.494891601500    0.999584088900      1.000000
    3    1  0.000000000000   -1.494891601500    0.999584088900      1.000000
 
 
 FORCES
 
   0.000000000000  0.000000000000  0.000345303700
   0.000000000000 -0.000010900832 -0.000172651850
   0.000000000000  0.000010900832 -0.000172651850
 
 
 DEFINITION OF INTERNAL COORDINATES          VALUE (ANGS. OR DEGR.)
 
 
   1.STRE      1  2  0  0  1.000000000000        0.951372495395
   1.STRE      1  3  0  0  1.000000000000        0.951372495395
 
   2.BEND      2  1  3  0  1.000000000000      112.505425138022
 
      DETERMINANT  =      0.66290E+01
 
 INTERNAL COORDINATES AND FORCES
 
   1      1.345443885856 -0.000148460505
   2      1.963590095014  0.000130817104
 FORCE CONSTANTS
 
  9.357824
  0.231457  1.030668
 
 OLD GEOMETRY AND FORCES
 
   1      1.344758411456  0.006626846687
   2      1.962672869783  0.001104011886
 BFGS HESSIAN UPDATE
 
 
 GEOMETRY CHANGE AND NEW INTERNAL COORDINATES
 
   1     -0.000016696220  1.345427189636
   2      0.000134962597  1.963725057612
 
 IMPROVED FORCE CONSTANT MATRIX
 
 9.7431904
 0.1053176 0.9823130
 STEP=   1
    1.345427192699  1.963725059286
 STEP=   2
    1.345427189636  1.963725057612
 
   CARTESIAN DISPLACEMENTS AND NEW CARTESIAN COORDINATES IN ANGSTROMS
 
   1   N   8  0.000000000000  0.000000000000  0.000039960705    1.000000
   2   N   1  0.000000000000  0.000025846106 -0.000019980353    1.000000
   3   N   1  0.000000000000 -0.000025846106 -0.000019980353    1.000000
 
 
 
   1   N   8  0.000000000000  0.000000000000  0.000480141879    1.000000
   2   N   1  0.000000000000  0.791088188602  0.528936988897    1.000000
   3   N   1  0.000000000000 -0.791088188602  0.528936988897    1.000000
 
 CARTESIAN COORDINATES IN A.U.
 
   1   N   8  0.000000000000  0.000000000000  0.000907336911
   2   N   1  0.000000000000  1.494940443576  0.999546331495
   3   N   1  0.000000000000 -1.494940443576  0.999546331495
************************************************************************************************************************
 tstart called:
 Timing turned off.
 
 
   THE GEOMETRY UPDATING PROGRAM
 
 
 
 
   PARAMETERS
   MPOINT =   200
   MCONST =   200
   NCALCS =     1
   NATOM  =     3
   N3N    =     9
   IGEOP  =   501
 
 
   OLD COORDINATES IN TAPE30
                                        OLD X IN A.U.
     NO.     CHARGE          X               Y               Z
 
       1     0.0000000000    0.0000000000    0.0000000000    0.0008318221
       2     0.0000000000    0.0000000000    1.4948916015    0.9995840889
       3     0.0000000000    0.0000000000   -1.4948916015    0.9995840889
 
 
   NEW COORDINATES IN TAPE30
                                        NEW X IN A.U.
     NO.     CHARGE          X               Y               Z
 
       1     0.0000000000    0.0000000000    0.0000000000    0.0009073369
       2     0.0000000000    0.0000000000    1.4949404436    0.9995463315
       3     0.0000000000    0.0000000000   -1.4949404436    0.9995463315
 
 
   GEOMETRY IN TAPE30 IS UPDATED
 
 tstop called:
 Timing turned off.
 Elapsed total time =           0 seconds
 Elapsed user time =   0.000000000E+00 seconds
 Elapsed system time = 0.000000000E+00 seconds
************************************************************************************************************************
************************************************************************************************************************
 tstart called:
 Timing turned off.
 
             THIS PROGRAM COMPUTES INTEGRALS OVER SYMMETRY ORBITALS.
              THE ATOMIC ORBITALS ARE CONTRACTED GAUSSIAN ORBITALS.
              THE POINT GROUPS ARE LIMITED TO D2H AND ITS SUBGROUPS.
 
                                   R. M. PITZER
                                  H. F. SCHAEFER
 
 
 
 INTEGRAL LABEL:   H2O DZ TEST CASE
 
 
 
 NUCLEAR REPULSION ENERGY       9.234170135639
 
 
 IRREDUCIBLE REPRESENTATION   1       2       3       4
 DEGENERACY                   1       1       1       1
 LABEL                       A1      A2      B1      B2
 
 
         **********************
         **  OXYGEN   ATOMS  **
         **********************
 
 NUCLEAR CHARGE   8.00
 
 CENTER            X               Y               Z
   1             0.00000000      0.00000000      0.00090734
 
 
          1S ORBITALS
 ORBITAL EXPONENTS          7816.540       1175.820       273.1880       81.16960       27.18360       3.413600
 CONTRACTION COEFFICIENTS  2.0309982E-03  1.5435986E-02  7.3770933E-02  0.2476058      0.6118314      0.2412048
 
           SYMMETRY ORBITALS
 
 Center  AO   1A1  1
    1    1S   1.0000
 
 
          1S ORBITALS
 ORBITAL EXPONENTS          9.532200
 CONTRACTION COEFFICIENTS   1.000000
 
           SYMMETRY ORBITALS
 
 Center  AO   2A1  1
    1    1S   1.0000
 
 
          1S ORBITALS
 ORBITAL EXPONENTS         0.9398000
 CONTRACTION COEFFICIENTS   1.000000
 
           SYMMETRY ORBITALS
 
 Center  AO   3A1  1
    1    1S   1.0000
 
 
          1S ORBITALS
 ORBITAL EXPONENTS         0.2846000
 CONTRACTION COEFFICIENTS   1.000000
 
           SYMMETRY ORBITALS
 
 Center  AO   4A1  1
    1    1S   1.0000
 
 
          2P ORBITALS
 ORBITAL EXPONENTS          35.18320       7.904000       2.305100      0.7171000
 CONTRACTION COEFFICIENTS  1.9579983E-02  0.1241889      0.3947266      0.6273744
 
           SYMMETRY ORBITALS
 
 Center  AO   5A1  1  1B1  1  1B2  1
    1     X   0.0000  1.0000  0.0000
    1     Y   0.0000  0.0000  1.0000
    1     Z   1.0000  0.0000  0.0000
 
 
          2P ORBITALS
 ORBITAL EXPONENTS         0.2137000
 CONTRACTION COEFFICIENTS   1.000000
 
           SYMMETRY ORBITALS
 
 Center  AO   6A1  1  2B1  1  2B2  1
    1     X   0.0000  1.0000  0.0000
    1     Y   0.0000  0.0000  1.0000
    1     Z   1.0000  0.0000  0.0000
 
 
         **********************
         **  HYDROGEN ATOMS  **
         **********************
 
 NUCLEAR CHARGE   1.00
 
 CENTER            X               Y               Z
   1             0.00000000      1.49494044      0.99954633
   2             0.00000000     -1.49494044      0.99954633
 
 
          1S ORBITALS
 ORBITAL EXPONENTS          19.24060       2.899200      0.6534000
 CONTRACTION COEFFICIENTS  3.2828077E-02  0.2312085      0.8172399
 
           SYMMETRY ORBITALS
 
 Center  AO   7A1  1  3B2  1
    1    1S   1.0000 -1.0000
    2    1S   1.0000  1.0000
 
 
          1S ORBITALS
 ORBITAL EXPONENTS         0.1776000
 CONTRACTION COEFFICIENTS   1.000000
 
           SYMMETRY ORBITALS
 
 Center  AO   8A1  1  4B2  1
    1    1S   1.0000 -1.0000
    2    1S   1.0000  1.0000
 
 
          INTERNUCLEAR DISTANCES ( A.U.)
          ------------------------------
 
             1              2              3
 
    1      0.0000000      1.7978117      1.7978117
    2      1.7978117      0.0000000      2.9898809
    3      1.7978117      2.9898809      0.0000000
 
 
          INTERNUCLEAR DISTANCES (ANGS.)
          ------------------------------
 
             1              2              3
 
    1      0.0000000      0.9513607      0.9513607
    2      0.9513607      0.0000000      1.5821764
    3      0.9513607      1.5821764      0.0000000
 
                 41 S INTEGRALS IN         9 SECTORS
                 41 T INTEGRALS IN         9 SECTORS
                 49 V INTEGRALS IN         9 SECTORS
                1709  INTEGRALS IN         9 SECTORS     0 ACTUALLY
 
 TOTAL OF       1840  INTEGRALS IN        47 SECTORS ARE WRITTEN ON TAPE   34
 tstop called:
 Timing turned off.
 Elapsed total time =           0 seconds
 Elapsed user time =   0.000000000E+00 seconds
 Elapsed system time = 0.000000000E+00 seconds
************************************************************************************************************************
************************************************************************************************************************
 tstart called:
 Timing turned off.
 
         H2O DZ TEST CASE
         SCF INPUT FOR DZ WATER
 
 
     CNVG    INPT    PNCH    DIIS    ITER    MCMX    DAMP    ITCN
 EXTP    OPEN    VECT    PRNT    SAVE    THRS    NCOR    ITPR
   0  12   0   1   0  47   0   0   0 100  20   0   0   0   0   0
 
 THRESHOLD FOR ELIMINATION OF BASIS FUNCTIONS  =       1.0E-20
 DENSITY MATRIX CONVERGENCE CRITERION          =       1.0E-12
 ITERATIONS BEFORE EXTRAPOLATION               =       0
 NUCLEAR REPULSION ENERGY                      =       9.2341701356392
 
 USING VECTOR SET   1 AS INITIAL GUESS
 
 ENERGY FROM OLD VECTOR:  -76.01100240
 
                 49 S INTEGRALS READ
                 49 T INTEGRALS READ
                 49 V INTEGRALS READ
                 49 H INTEGRALS FORMED
 
         1073 P AND            0 Q INTEGRALS STORED ON FILE92 IN    2 BUFFERS
                                  TOTAL SPACE USED IS     44 SECTORS
 
 LEVEL SHIFT  =    0.100000
 DAMPING      =    0.000000
 
 ITERATION      ENERGY              DE            SQDIF            DIISER        ONE-ELECTRON ENERGY   TWO-ELECTRON ENERGY
 
     1       -76.011002398         0.00000E+00     0.10000E+01     0.00000E+00     -123.08977428          37.844601750
     2       -76.011002396         0.21385E-08     0.65957E-01     0.64401E-03     -123.08986761          37.844695080
     3       -76.011002399        -0.29186E-08     0.74393E-05     0.52443E-03     -123.08983656          37.844664021
     4       -76.011002399        -0.29161E-10     0.55957E-05     0.45437E-04     -123.08983437          37.844661833
     5       -76.011002399        -0.14861E-10     0.33315E-06     0.22185E-04     -123.08983471          37.844662173
     6       -76.011002399        -0.35562E-07     0.36650E-06     0.37452E-06     -123.08983336          37.844660827
     7       -76.011002399         0.85787E-08     0.17528E-07     0.54499E-06     -123.08983369          37.844661152
     8       -76.011002399         0.57717E-09     0.99383E-08     0.46637E-07     -123.08983371          37.844661174
     9       -76.011002399         0.33548E-09     0.26500E-08     0.23949E-07     -123.08983372          37.844661186
    10       -76.011002399         0.28196E-10     0.84754E-09     0.12290E-08     -123.08983372          37.844661187
    11       -76.011002399        -0.11145E-10     0.11333E-09     0.50890E-09     -123.08983372          37.844661187
    12       -76.011002399        -0.23865E-11     0.33118E-10     0.12171E-09     -123.08983372          37.844661187
    13       -76.011002399        -0.37250E-12     0.16828E-11     0.18680E-10     -123.08983372          37.844661187
    14       -76.011002399         0.34171E-13     0.61307E-12     0.78128E-12     -123.08983372          37.844661187
 
 
 
 ********************************
        MOLECULAR ORBITALS
 ********************************
 
                     IRREP A1
 
                         C( 1)       C( 2)       C( 3)       C( 4)       C( 5)       C( 6)       C( 7)       C( 8)
                      -0.580982    0.130726   -0.044040   -0.051256    0.020674   -0.044197   -0.144396    1.731337
                      -0.461230    0.181326   -0.061458   -0.068652    0.028565   -0.065647   -0.253713   -1.876897
                       0.000065   -0.510567    0.186423    0.111027   -0.065859    0.265526    1.979935    0.391892
                      -0.001865   -0.452482    0.248676    1.278612   -0.388776   -0.064848   -2.903714   -0.351997
                      -0.001602   -0.120416   -0.639016    0.249383    0.855288    0.408119    0.049877    0.008858
                       0.000459   -0.030598   -0.342156    0.482752   -1.287344    0.081462   -0.616145   -0.060378
                      -0.000043   -0.137774   -0.130000   -0.061699    0.188639   -1.002461    0.264954    0.003015
                       0.000190   -0.006468   -0.053757   -1.059019    0.233205    0.579514    0.715151    0.088598
 
     EIGENVALUES     -20.552761   -1.356568   -0.553046    0.221535    0.886185    1.187260    1.652920   43.338405
     CLOSED-SHELL
       OCCUPATION =      2.0         2.0         2.0         0.0         0.0         0.0         0.0         0.0
 
                     IRREP B1
 
                         C( 1)       C( 2)
                      -0.727089   -0.903045
                      -0.411002    1.084078
 
     EIGENVALUES      -0.503320    0.867758
     CLOSED-SHELL
       OCCUPATION =      2.0         0.0
 
                     IRREP B2
 
                         C( 1)       C( 2)       C( 3)       C( 4)
                       0.572070    0.394849   -0.531177   -0.866486
                       0.169466    1.085737    1.805054    0.949380
                      -0.257272    0.025470    0.563899   -0.820267
                      -0.123072    1.605776    0.519731    1.272367
 
     EIGENVALUES      -0.734560    0.313918    0.939973    1.260355
     CLOSED-SHELL
       OCCUPATION =      2.0         0.0         0.0         0.0
 
 
     TOTAL ENERGY       =    -76.0110023988
     KINETIC ENERGY     =     76.0632460571
     POTENTIAL ENERGY   =   -152.0742484559
     VIRIAL THEOREM     =      2.0006873171
     WAVEFUNCTION NORM  =      1.0000000000
 
 tstop called:
 Timing turned off.
 Elapsed total time =           0 seconds
 Elapsed user time =   0.000000000E+00 seconds
 Elapsed system time = 0.000000000E+00 seconds
************************************************************************************************************************
************************************************************************************************************************
 tstart called:
 Timing turned off.
 
 
   THE DERIVATIVE PROGRAM
 
 
 
   CLSCF     SCF       FIRST
 
   H2O DZ TEST CASE
 
   NUCLEAR REPULSION ENERGY:        9.2341701356
                 SCF ENERGY:      -76.0110023988
 
 
         NUCLEAR CONTRIBUTION TO FIRST DERIVATIVES
 
 CENTER       X                   Y                   Z
 
    1      0.000000000000      0.000000000000      2.749767174396
 
    2      0.000000000000     -2.170034745194     -1.374883587198
 
    3      0.000000000000      2.170034745194     -1.374883587198
 
 
         ONE-ELECTRON CONTRIBUTION TO FIRST DERIVATIVES
 
 CENTER       X                   Y                   Z
 
    1      0.000000000000      0.000000000000     -6.046131940915
 
    2      0.000000000000      4.561552225939      3.023065970457
 
    3      0.000000000000     -4.561552225939      3.023065970457
 
 
         OVERLAP CONTRIBUTION TO FIRST DERIVATIVES
 
 CENTER       X                   Y                   Z
 
    1      0.000000000000      0.000000000000      0.378954522256
 
    2      0.000000000000     -0.249251866014     -0.189477261128
 
    3      0.000000000000      0.249251866014     -0.189477261128
 
 
         TWO-ELECTRON CONTRIBUTION TO FIRST DERIVATIVES
 
 CENTER       X                   Y                   Z
 
    1      0.000000000000      0.000000000000      2.917397449178
 
    2      0.000000000000     -2.142264680368     -1.458698724589
 
    3      0.000000000000      2.142264680368     -1.458698724589
 
 
         -----TOTAL SCF FIRST DERIVATIVES-----
 
 CENTER       X                   Y                   Z
 
    1      0.000000000000      0.000000000000     -0.000012795086
 
    2      0.000000000000      0.000000934362      0.000006397543
 
    3      0.000000000000     -0.000000934362      0.000006397543
 tstop called:
 Timing turned off.
 Elapsed total time =           0 seconds
 Elapsed user time =   0.000000000E+00 seconds
 Elapsed system time = 0.000000000E+00 seconds
************************************************************************************************************************
************************************************************************
 
 
 BMAT H2O OPTIMIZATION
 CARD  OPTION IS ON     3
 PRIN  OPTION IS ON     0
 FMAT  OPTION IS ON     0
 BFGS  OPTION IS ON     0
                    NUCLEAR COORDINATES IN BOHRS
 
    1    8  0.000000000000    0.000000000000    0.000907336900      1.000000
    2    1  0.000000000000    1.494940443600    0.999546331500      1.000000
    3    1  0.000000000000   -1.494940443600    0.999546331500      1.000000
 
 
 FORCES
 
   0.000000000000  0.000000000000  0.000105417006
   0.000000000000 -0.000007698388 -0.000052708091
   0.000000000000  0.000007698388 -0.000052708091
 
 
 DEFINITION OF INTERNAL COORDINATES          VALUE (ANGS. OR DEGR.)
 
 
   1.STRE      1  2  0  0  1.000000000000        0.951360689399
   1.STRE      1  3  0  0  1.000000000000        0.951360689399
 
   2.BEND      2  1  3  0  1.000000000000      112.513157925245
 
      DETERMINANT  =      0.66292E+01
 
 INTERNAL COORDINATES AND FORCES
 
   1      1.345427189657 -0.000050458622
   2      1.963725057612  0.000037628699
 FORCE CONSTANTS
 
  9.743190
  0.105318  0.982313
 
 OLD GEOMETRY AND FORCES
 
   1      1.345443885856 -0.000148460505
   2      1.963590095014  0.000130817104
 BFGS HESSIAN UPDATE
 
 
 GEOMETRY CHANGE AND NEW INTERNAL COORDINATES
 
   1     -0.000007940916  1.345419248742
   2      0.000055186163  1.963780243775
 
 IMPROVED FORCE CONSTANT MATRIX
 
 9.3242420
 0.4273607 0.7433446
 STEP=   1
    1.345419249254  1.963780244101
 STEP=   2
    1.345419248742  1.963780243775
 
   CARTESIAN DISPLACEMENTS AND NEW CARTESIAN COORDINATES IN ANGSTROMS
 
   1   N   8  0.000000000000  0.000000000000  0.000016631777    1.000000
   2   N   1  0.000000000000  0.000009912243 -0.000008315889    1.000000
   3   N   1  0.000000000000 -0.000009912243 -0.000008315889    1.000000
 
 
 
   1   N   8  0.000000000000  0.000000000000  0.000496773650    1.000000
   2   N   1  0.000000000000  0.791098100857  0.528928673011    1.000000
   3   N   1  0.000000000000 -0.791098100857  0.528928673011    1.000000
 
 CARTESIAN COORDINATES IN A.U.
 
   1   N   8  0.000000000000  0.000000000000  0.000938766413
   2   N   1  0.000000000000  1.494959175030  0.999530616743
   3   N   1  0.000000000000 -1.494959175030  0.999530616743
************************************************************************************************************************
 tstart called:
 Timing turned off.
 
 
   THE GEOMETRY UPDATING PROGRAM
 
 
 
 
   PARAMETERS
   MPOINT =   200
   MCONST =   200
   NCALCS =     1
   NATOM  =     3
   N3N    =     9
   IGEOP  =   501
 
 
   OLD COORDINATES IN TAPE30
                                        OLD X IN A.U.
     NO.     CHARGE          X               Y               Z
 
       1     0.0000000000    0.0000000000    0.0000000000    0.0009073369
       2     0.0000000000    0.0000000000    1.4949404436    0.9995463315
       3     0.0000000000    0.0000000000   -1.4949404436    0.9995463315
 
 
   NEW COORDINATES IN TAPE30
                                        NEW X IN A.U.
     NO.     CHARGE          X               Y               Z
 
       1     0.0000000000    0.0000000000    0.0000000000    0.0009387664
       2     0.0000000000    0.0000000000    1.4949591750    0.9995306167
       3     0.0000000000    0.0000000000   -1.4949591750    0.9995306167
 
 
   GEOMETRY IN TAPE30 IS UPDATED
 
 tstop called:
 Timing turned off.
 Elapsed total time =           0 seconds
 Elapsed user time =   0.000000000E+00 seconds
 Elapsed system time = 0.000000000E+00 seconds
************************************************************************************************************************
************************************************************************************************************************
 tstart called:
 Timing turned off.
 
             THIS PROGRAM COMPUTES INTEGRALS OVER SYMMETRY ORBITALS.
              THE ATOMIC ORBITALS ARE CONTRACTED GAUSSIAN ORBITALS.
              THE POINT GROUPS ARE LIMITED TO D2H AND ITS SUBGROUPS.
 
                                   R. M. PITZER
                                  H. F. SCHAEFER
 
 
 
 INTEGRAL LABEL:   H2O DZ TEST CASE
 
 
 
 NUCLEAR REPULSION ENERGY       9.234218472885
 
 
 IRREDUCIBLE REPRESENTATION   1       2       3       4
 DEGENERACY                   1       1       1       1
 LABEL                       A1      A2      B1      B2
 
 
         **********************
         **  OXYGEN   ATOMS  **
         **********************
 
 NUCLEAR CHARGE   8.00
 
 CENTER            X               Y               Z
   1             0.00000000      0.00000000      0.00093877
 
 
          1S ORBITALS
 ORBITAL EXPONENTS          7816.540       1175.820       273.1880       81.16960       27.18360       3.413600
 CONTRACTION COEFFICIENTS  2.0309982E-03  1.5435986E-02  7.3770933E-02  0.2476058      0.6118314      0.2412048
 
           SYMMETRY ORBITALS
 
 Center  AO   1A1  1
    1    1S   1.0000
 
 
          1S ORBITALS
 ORBITAL EXPONENTS          9.532200
 CONTRACTION COEFFICIENTS   1.000000
 
           SYMMETRY ORBITALS
 
 Center  AO   2A1  1
    1    1S   1.0000
 
 
          1S ORBITALS
 ORBITAL EXPONENTS         0.9398000
 CONTRACTION COEFFICIENTS   1.000000
 
           SYMMETRY ORBITALS
 
 Center  AO   3A1  1
    1    1S   1.0000
 
 
          1S ORBITALS
 ORBITAL EXPONENTS         0.2846000
 CONTRACTION COEFFICIENTS   1.000000
 
           SYMMETRY ORBITALS
 
 Center  AO   4A1  1
    1    1S   1.0000
 
 
          2P ORBITALS
 ORBITAL EXPONENTS          35.18320       7.904000       2.305100      0.7171000
 CONTRACTION COEFFICIENTS  1.9579983E-02  0.1241889      0.3947266      0.6273744
 
           SYMMETRY ORBITALS
 
 Center  AO   5A1  1  1B1  1  1B2  1
    1     X   0.0000  1.0000  0.0000
    1     Y   0.0000  0.0000  1.0000
    1     Z   1.0000  0.0000  0.0000
 
 
          2P ORBITALS
 ORBITAL EXPONENTS         0.2137000
 CONTRACTION COEFFICIENTS   1.000000
 
           SYMMETRY ORBITALS
 
 Center  AO   6A1  1  2B1  1  2B2  1
    1     X   0.0000  1.0000  0.0000
    1     Y   0.0000  0.0000  1.0000
    1     Z   1.0000  0.0000  0.0000
 
 
         **********************
         **  HYDROGEN ATOMS  **
         **********************
 
 NUCLEAR CHARGE   1.00
 
 CENTER            X               Y               Z
   1             0.00000000      1.49495917      0.99953062
   2             0.00000000     -1.49495917      0.99953062
 
 
          1S ORBITALS
 ORBITAL EXPONENTS          19.24060       2.899200      0.6534000
 CONTRACTION COEFFICIENTS  3.2828077E-02  0.2312085      0.8172399
 
           SYMMETRY ORBITALS
 
 Center  AO   7A1  1  3B2  1
    1    1S   1.0000 -1.0000
    2    1S   1.0000  1.0000
 
 
          1S ORBITALS
 ORBITAL EXPONENTS         0.1776000
 CONTRACTION COEFFICIENTS   1.000000
 
           SYMMETRY ORBITALS
 
 Center  AO   8A1  1  4B2  1
    1    1S   1.0000 -1.0000
    2    1S   1.0000  1.0000
 
 
          INTERNUCLEAR DISTANCES ( A.U.)
          ------------------------------
 
             1              2              3
 
    1      0.0000000      1.7978011      1.7978011
    2      1.7978011      0.0000000      2.9899183
    3      1.7978011      2.9899183      0.0000000
 
 
          INTERNUCLEAR DISTANCES (ANGS.)
          ------------------------------
 
             1              2              3
 
    1      0.0000000      0.9513551      0.9513551
    2      0.9513551      0.0000000      1.5821962
    3      0.9513551      1.5821962      0.0000000
 
                 41 S INTEGRALS IN         9 SECTORS
                 41 T INTEGRALS IN         9 SECTORS
                 49 V INTEGRALS IN         9 SECTORS
                1709  INTEGRALS IN         9 SECTORS     0 ACTUALLY
 
 TOTAL OF       1840  INTEGRALS IN        47 SECTORS ARE WRITTEN ON TAPE   34
 tstop called:
 Timing turned off.
 Elapsed total time =           0 seconds
 Elapsed user time =   0.000000000E+00 seconds
 Elapsed system time = 0.000000000E+00 seconds
************************************************************************************************************************
************************************************************************************************************************
 tstart called:
 Timing turned off.
 
         H2O DZ TEST CASE
         SCF INPUT FOR DZ WATER
 
 
     CNVG    INPT    PNCH    DIIS    ITER    MCMX    DAMP    ITCN
 EXTP    OPEN    VECT    PRNT    SAVE    THRS    NCOR    ITPR
   0  12   0   1   0  47   0   0   0 100  20   0   0   0   0   0
 
 THRESHOLD FOR ELIMINATION OF BASIS FUNCTIONS  =       1.0E-20
 DENSITY MATRIX CONVERGENCE CRITERION          =       1.0E-12
 ITERATIONS BEFORE EXTRAPOLATION               =       0
 NUCLEAR REPULSION ENERGY                      =       9.2342184728847
 
 USING VECTOR SET   1 AS INITIAL GUESS
 
 ENERGY FROM OLD VECTOR:  -76.01100240
 
                 49 S INTEGRALS READ
                 49 T INTEGRALS READ
                 49 V INTEGRALS READ
                 49 H INTEGRALS FORMED
 
         1073 P AND            0 Q INTEGRALS STORED ON FILE92 IN    2 BUFFERS
                                  TOTAL SPACE USED IS     44 SECTORS
 
 LEVEL SHIFT  =    0.100000
 DAMPING      =    0.000000
 
 ITERATION      ENERGY              DE            SQDIF            DIISER        ONE-ELECTRON ENERGY   TWO-ELECTRON ENERGY
 
     1       -76.011002399         0.00000E+00     0.10000E+01     0.00000E+00     -123.08990488          37.844684013
     2       -76.011002399         0.40369E-09     0.65957E-01     0.29647E-03     -123.08994826          37.844727390
     3       -76.011002399        -0.54382E-09     0.31031E-05     0.24285E-03     -123.08993302          37.844712143
     4       -76.011002399        -0.48175E-11     0.23300E-05     0.20064E-04     -123.08993216          37.844711288
     5       -76.011002399        -0.24301E-11     0.13673E-06     0.97565E-05     -123.08993226          37.844711384
     6       -76.011002399        -0.13958E-07     0.14989E-06     0.14908E-06     -123.08993173          37.844710856
     7       -76.011002399         0.41052E-08     0.66732E-08     0.20556E-06     -123.08993188          37.844711012
     8       -76.011002399         0.33239E-10     0.40739E-08     0.28686E-07     -123.08993188          37.844711013
     9       -76.011002399         0.71425E-10     0.10132E-08     0.76721E-08     -123.08993189          37.844711016
    10       -76.011002399         0.22337E-10     0.32760E-09     0.10008E-08     -123.08993189          37.844711016
    11       -76.011002399        -0.11750E-11     0.46083E-10     0.10550E-09     -123.08993189          37.844711016
    12       -76.011002399        -0.13498E-11     0.12547E-10     0.63943E-10     -123.08993189          37.844711016
    13       -76.011002399        -0.17423E-12     0.59736E-12     0.81497E-11     -123.08993189          37.844711016
 
 
 
 ********************************
        MOLECULAR ORBITALS
 ********************************
 
                     IRREP A1
 
                         C( 1)       C( 2)       C( 3)       C( 4)       C( 5)       C( 6)       C( 7)       C( 8)
                      -0.580982    0.130726   -0.044038   -0.051257    0.020674   -0.044193   -0.144398    1.731337
                      -0.461230    0.181326   -0.061456   -0.068653    0.028564   -0.065639   -0.253715   -1.876897
                       0.000065   -0.510567    0.186417    0.111030   -0.065851    0.265474    1.979939    0.391891
                      -0.001865   -0.452481    0.248669    1.278626   -0.388777   -0.064780   -2.903708   -0.351996
                      -0.001602   -0.120413   -0.639021    0.249374    0.855283    0.408125    0.049880    0.008858
                       0.000459   -0.030596   -0.342162    0.482735   -1.287331    0.081443   -0.616101   -0.060375
                      -0.000043   -0.137775   -0.129996   -0.061702    0.188653   -1.002461    0.264912    0.003014
                       0.000190   -0.006468   -0.053754   -1.059022    0.233186    0.579504    0.715166    0.088598
 
     EIGENVALUES     -20.552758   -1.356568   -0.553041    0.221537    0.886182    1.187248    1.652913   43.338408
     CLOSED-SHELL
       OCCUPATION =      2.0         2.0         2.0         0.0         0.0         0.0         0.0         0.0
 
                     IRREP B1
 
                         C( 1)       C( 2)
                      -0.727088   -0.903046
                      -0.411002    1.084078
 
     EIGENVALUES      -0.503320    0.867759
     CLOSED-SHELL
       OCCUPATION =      2.0         0.0
 
                     IRREP B2
 
                         C( 1)       C( 2)       C( 3)       C( 4)
                       0.572069    0.394845   -0.531187   -0.866487
                       0.169462    1.085764    1.805141    0.949340
                      -0.257273    0.025464    0.563891   -0.820281
                      -0.123068    1.605801    0.519814    1.272343
 
     EIGENVALUES      -0.734569    0.313920    0.939983    1.260370
     CLOSED-SHELL
       OCCUPATION =      2.0         0.0         0.0         0.0
 
 
     TOTAL ENERGY       =    -76.0110023991
     KINETIC ENERGY     =     76.0632613273
     POTENTIAL ENERGY   =   -152.0742637264
     VIRIAL THEOREM     =      2.0006875179
     WAVEFUNCTION NORM  =      1.0000000000
 
 tstop called:
 Timing turned off.
 Elapsed total time =           0 seconds
 Elapsed user time =   0.000000000E+00 seconds
 Elapsed system time = 0.000000000E+00 seconds
************************************************************************************************************************
************************************************************************************************************************
 tstart called:
 Timing turned off.
 
 
   THE DERIVATIVE PROGRAM
 
 
 
   CLSCF     SCF       FIRST
 
   H2O DZ TEST CASE
 
   NUCLEAR REPULSION ENERGY:        9.2342184729
                 SCF ENERGY:      -76.0110023991
 
 
         NUCLEAR CONTRIBUTION TO FIRST DERIVATIVES
 
 CENTER       X                   Y                   Z
 
    1      0.000000000000      0.000000000000      2.749686048971
 
    2      0.000000000000     -2.170094174478     -1.374843024485
 
    3      0.000000000000      2.170094174478     -1.374843024485
 
 
         ONE-ELECTRON CONTRIBUTION TO FIRST DERIVATIVES
 
 CENTER       X                   Y                   Z
 
    1      0.000000000000      0.000000000000     -6.045886841803
 
    2      0.000000000000      4.561713027972      3.022943420902
 
    3      0.000000000000     -4.561713027972      3.022943420902
 
 
         OVERLAP CONTRIBUTION TO FIRST DERIVATIVES
 
 CENTER       X                   Y                   Z
 
    1      0.000000000000      0.000000000000      0.378940682946
 
    2      0.000000000000     -0.249263793957     -0.189470341473
 
    3      0.000000000000      0.249263793957     -0.189470341473
 
 
         TWO-ELECTRON CONTRIBUTION TO FIRST DERIVATIVES
 
 CENTER       X                   Y                   Z
 
    1      0.000000000000      0.000000000000      2.917260107580
 
    2      0.000000000000     -2.142355058178     -1.458630053790
 
    3      0.000000000000      2.142355058178     -1.458630053790
 
 
         -----TOTAL SCF FIRST DERIVATIVES-----
 
 CENTER       X                   Y                   Z
 
    1      0.000000000000      0.000000000000     -0.000000002306
 
    2      0.000000000000      0.000000001360      0.000000001153
 
    3      0.000000000000     -0.000000001360      0.000000001153
 tstop called:
 Timing turned off.
 Elapsed total time =           0 seconds
 Elapsed user time =   0.000000000E+00 seconds
 Elapsed system time = 0.000000000E+00 seconds
************************************************************************************************************************
